{"recorder_version":"21","session":"fe98d76c61e5","build":"192.6603.28","bucket":"163","time":1569410590438,"group":{"id":"settings","version":"4"},"event":{"state":true,"data":{"component":"NotRoamableUiSettings","created":1569410590579},"id":"invoked"}}
{"recorder_version":"21","session":"fe98d76c61e5","build":"192.6603.28","bucket":"163","time":1569410590439,"group":{"id":"settings","version":"4"},"event":{"state":true,"data":{"component":"UISettings","created":1569410590580},"id":"invoked"}}
{"recorder_version":"21","session":"fe98d76c61e5","build":"192.6603.28","bucket":"163","time":1569410590440,"group":{"id":"system.java","version":"1"},"event":{"state":true,"data":{"created":1569410590589,"version":"1.11"},"id":"JetBrains"}}
{"recorder_version":"21","session":"fe98d76c61e5","build":"192.6603.28","bucket":"163","time":1569410590440,"group":{"id":"system.java","version":"1"},"event":{"state":true,"data":{"created":1569410590589},"id":"invoked"}}
{"recorder_version":"21","session":"fe98d76c61e5","build":"192.6603.28","bucket":"163","time":1569410590465,"group":{"id":"system.os","version":"3"},"event":{"state":true,"data":{"created":1569410590590,"version":"10.14"},"id":"Mac"}}
{"recorder_version":"21","session":"fe98d76c61e5","build":"192.6603.28","bucket":"163","time":1569410590465,"group":{"id":"system.os","version":"3"},"event":{"state":true,"data":{"created":1569410590592,"name":"Mac","version":"10.14"},"id":"os.name"}}
{"recorder_version":"21","session":"fe98d76c61e5","build":"192.6603.28","bucket":"163","time":1569410590465,"group":{"id":"system.os","version":"3"},"event":{"state":true,"data":{"created":1569410590592,"value":"+05_30"},"id":"os.timezone"}}
{"recorder_version":"21","session":"fe98d76c61e5","build":"192.6603.28","bucket":"163","time":1569410590465,"group":{"id":"system.os","version":"3"},"event":{"state":true,"data":{"created":1569410590593},"id":"invoked"}}
{"recorder_version":"21","session":"fe98d76c61e5","build":"192.6603.28","bucket":"163","time":1569410590578,"group":{"id":"event.log","version":"21"},"event":{"count":1,"data":{"created":1569410590594,"version":"789.0"},"id":"whitelist.loaded"}}
{"recorder_version":"21","session":"fe98d76c61e5","build":"192.6603.28","bucket":"163","time":1569410592466,"group":{"id":"settings","version":"4"},"event":{"state":true,"data":{"component":"UpdatesConfigurable","created":1569410592467,"name":"checkNeeded","type":"bool","value":false},"id":"not.default"}}
{"recorder_version":"21","session":"fe98d76c61e5","build":"192.6603.28","bucket":"163","time":1569410592466,"group":{"id":"settings","version":"4"},"event":{"state":true,"data":{"component":"UpdatesConfigurable","created":1569410592467},"id":"invoked"}}
{"recorder_version":"21","session":"fe98d76c61e5","build":"192.6603.28","bucket":"163","time":1569410592713,"group":{"id":"settings","version":"4"},"event":{"state":true,"data":{"component":"GeneralSettings","created":1569410592714},"id":"invoked"}}
{"recorder_version":"21","session":"fe98d76c61e5","build":"192.6603.28","bucket":"163","time":1569410592718,"group":{"id":"lifecycle","version":"21"},"event":{"count":1,"data":{"internal":true,"eap":false,"created":1569410592719},"id":"ide.start"}}
{"recorder_version":"21","session":"fe98d76c61e5","build":"192.6603.28","bucket":"163","time":1569410593153,"group":{"id":"lifecycle","version":"21"},"event":{"count":1,"data":{"created":1569410593153},"id":"frame.activated"}}
{"recorder_version":"21","session":"fe98d76c61e5","build":"192.6603.28","bucket":"163","time":1569410593279,"group":{"id":"performance","version":"21"},"event":{"count":1,"data":{"duration_ms":548,"created":1569410593279},"id":"ui.latency"}}
{"recorder_version":"21","session":"fe98d76c61e5","build":"192.6603.28","bucket":"163","time":1569410593279,"group":{"id":"performance","version":"21"},"event":{"count":1,"data":{"duration_ms":548,"created":1569410593280},"id":"ui.lagging"}}
{"recorder_version":"21","session":"fe98d76c61e5","build":"192.6603.28","bucket":"163","time":1569410593668,"group":{"id":"ui.dialogs","version":"21"},"event":{"count":1,"data":{"created":1569410593668,"plugin_type":"PLATFORM","type":"show"},"id":"com.intellij.openapi.progress.util.ProgressDialog$MyDialogWrapper"}}
{"recorder_version":"21","session":"fe98d76c61e5","build":"192.6603.28","bucket":"163","time":1569410595311,"group":{"id":"lifecycle","version":"21"},"event":{"count":1,"data":{"created":1569410595311,"project":"400c8e693833343f8d7e77acd21b278fb600d9c5bec886b777f5c9298302bd62"},"id":"project.opened"}}
{"recorder_version":"21","session":"fe98d76c61e5","build":"192.6603.28","bucket":"163","time":1569410596016,"group":{"id":"performance","version":"21"},"event":{"count":1,"data":{"duration_ms":279,"created":1569410596016},"id":"ui.lagging"}}
{"recorder_version":"21","session":"fe98d76c61e5","build":"192.6603.28","bucket":"163","time":1569410597046,"group":{"id":"settings","version":"4"},"event":{"state":true,"data":{"component":"XmlEditorOptions","created":1569410597046},"id":"invoked"}}
{"recorder_version":"21","session":"fe98d76c61e5","build":"192.6603.28","bucket":"163","time":1569410597127,"group":{"id":"performance","version":"21"},"event":{"count":1,"data":{"duration_ms":389,"created":1569410597127},"id":"ui.lagging"}}
{"recorder_version":"21","session":"fe98d76c61e5","build":"192.6603.28","bucket":"163","time":1569410597831,"group":{"id":"toolwindow","version":"21"},"event":{"count":1,"data":{"os":"Mac","created":1569410597833,"plugin_type":"NOT_LISTED"},"id":"third.party"}}
{"recorder_version":"21","session":"fe98d76c61e5","build":"192.6603.28","bucket":"163","time":1569410598130,"group":{"id":"performance","version":"21"},"event":{"count":1,"data":{"duration_ms":384,"created":1569410598131},"id":"ui.lagging"}}
{"recorder_version":"21","session":"fe98d76c61e5","build":"192.6603.28","bucket":"163","time":1569410598392,"group":{"id":"ui.tips","version":"2"},"event":{"count":1,"data":{"created":1569410598392,"type":"automatically"},"id":"dialog.shown"}}
{"recorder_version":"21","session":"fe98d76c61e5","build":"192.6603.28","bucket":"163","time":1569410598609,"group":{"id":"ui.dialogs","version":"21"},"event":{"count":1,"data":{"created":1569410598609,"plugin_type":"PLATFORM","type":"show"},"id":"com.intellij.ide.util.TipDialog"}}
{"recorder_version":"21","session":"fe98d76c61e5","build":"192.6603.28","bucket":"163","time":1569410600316,"group":{"id":"performance","version":"21"},"event":{"count":1,"data":{"duration_ms":569,"created":1569410600316},"id":"ui.lagging"}}
{"recorder_version":"21","session":"fe98d76c61e5","build":"192.6603.28","bucket":"163","time":1569410600319,"group":{"id":"ui.dialogs","version":"21"},"event":{"count":1,"data":{"code":1,"created":1569410600319,"plugin_type":"PLATFORM","type":"close"},"id":"com.intellij.ide.util.TipDialog"}}
{"recorder_version":"21","session":"fe98d76c61e5","build":"192.6603.28","bucket":"163","time":1569410600543,"group":{"id":"project.fs","version":"1"},"event":{"state":true,"data":{"os":"Mac","cs-project":false,"created":1569410600543,"project":"400c8e693833343f8d7e77acd21b278fb600d9c5bec886b777f5c9298302bd62","cs-implicit":true,"cs-system":false},"id":"case-sensitivity"}}
{"recorder_version":"21","session":"fe98d76c61e5","build":"192.6603.28","bucket":"163","time":1569410600543,"group":{"id":"project.fs","version":"1"},"event":{"state":true,"data":{"created":1569410600544},"id":"invoked"}}
{"recorder_version":"21","session":"fe98d76c61e5","build":"192.6603.28","bucket":"163","time":1569410600546,"group":{"id":"project.fs","version":"1"},"event":{"state":true,"data":{"pct-non-watched":0,"created":1569410600546,"project":"400c8e693833343f8d7e77acd21b278fb600d9c5bec886b777f5c9298302bd62"},"id":"roots-watched"}}
{"recorder_version":"21","session":"fe98d76c61e5","build":"192.6603.28","bucket":"163","time":1569410600546,"group":{"id":"project.fs","version":"1"},"event":{"state":true,"data":{"created":1569410600546},"id":"invoked"}}
{"recorder_version":"21","session":"fe98d76c61e5","build":"192.6603.28","bucket":"163","time":1569410600905,"group":{"id":"performance","version":"21"},"event":{"count":1,"data":{"duration_ms":155,"created":1569410600905},"id":"ui.lagging"}}
{"recorder_version":"21","session":"fe98d76c61e5","build":"192.6603.28","bucket":"163","time":1569410600905,"group":{"id":"ui.dialogs","version":"21"},"event":{"count":1,"data":{"code":1,"created":1569410600906,"plugin_type":"PLATFORM","type":"close"},"id":"com.intellij.openapi.progress.util.ProgressDialog$MyDialogWrapper"}}
{"recorder_version":"21","session":"fe98d76c61e5","build":"192.6603.28","bucket":"163","time":1569410601409,"group":{"id":"lifecycle","version":"21"},"event":{"count":1,"data":{"duration_ms":7943,"created":1569410601409,"project":"400c8e693833343f8d7e77acd21b278fb600d9c5bec886b777f5c9298302bd62"},"id":"project.opening.finished"}}
{"recorder_version":"21","session":"fe98d76c61e5","build":"192.6603.28","bucket":"163","time":1569410602079,"group":{"id":"performance","version":"21"},"event":{"count":1,"data":{"duration_ms":329,"created":1569410602079},"id":"ui.lagging"}}
{"recorder_version":"21","session":"fe98d76c61e5","build":"192.6603.28","bucket":"163","time":1569410608375,"group":{"id":"lifecycle","version":"21"},"event":{"count":1,"data":{"created":1569410608375,"project":"400c8e693833343f8d7e77acd21b278fb600d9c5bec886b777f5c9298302bd62"},"id":"frame.deactivated"}}
{"recorder_version":"21","session":"fe98d76c61e5","build":"192.6603.28","bucket":"163","time":1569410611240,"group":{"id":"lifecycle","version":"21"},"event":{"count":1,"data":{"created":1569410611240,"project":"400c8e693833343f8d7e77acd21b278fb600d9c5bec886b777f5c9298302bd62"},"id":"frame.activated"}}
{"recorder_version":"21","session":"fe98d76c61e5","build":"192.6603.28","bucket":"163","time":1569410612711,"group":{"id":"toolwindow","version":"21"},"event":{"count":1,"data":{"os":"Mac","created":1569410612711,"plugin_type":"PLATFORM"},"id":"Project"}}
{"recorder_version":"21","session":"fe98d76c61e5","build":"192.6603.28","bucket":"163","time":1569410614444,"group":{"id":"performance","version":"21"},"event":{"count":1,"data":{"duration_ms":674,"created":1569410614444},"id":"ui.lagging"}}
{"recorder_version":"21","session":"fe98d76c61e5","build":"192.6603.28","bucket":"163","time":1569410617195,"group":{"id":"actions","version":"21"},"event":{"count":1,"data":{"context_menu":true,"plugin":"com.intellij.java","created":1569410617196,"plugin_type":"JB_BUNDLED","project":"400c8e693833343f8d7e77acd21b278fb600d9c5bec886b777f5c9298302bd62","place":"ProjectViewPopup","class":"com.intellij.ide.actions.CreateClassAction","input_event":"MouseLeft"},"id":"NewClass"}}
{"recorder_version":"21","session":"fe98d76c61e5","build":"192.6603.28","bucket":"163","time":1569410621038,"group":{"id":"actions","version":"21"},"event":{"count":1,"data":{"context_menu":false,"created":1569410621038,"plugin_type":"PLATFORM","project":"400c8e693833343f8d7e77acd21b278fb600d9c5bec886b777f5c9298302bd62","place":"keyboard_shortcut","class":"com.intellij.openapi.editor.actions.BackspaceAction","input_event":"Backspace"},"id":"EditorBackSpace"}}
{"recorder_version":"21","session":"fe98d76c61e5","build":"192.6603.28","bucket":"163","time":1569410623819,"group":{"id":"ui.dialogs","version":"21"},"event":{"count":1,"data":{"code":0,"created":1569410623820,"plugin_type":"PLATFORM","type":"close"},"id":"com.intellij.ide.fileTemplates.ui.CreateFromTemplateDialog"}}
{"recorder_version":"21","session":"fe98d76c61e5","build":"192.6603.28","bucket":"163","time":1569410623895,"group":{"id":"file.types.usage","version":"21"},"event":{"count":1,"data":{"plugin":"com.intellij.java","created":1569410623895,"plugin_type":"JB_BUNDLED","project":"400c8e693833343f8d7e77acd21b278fb600d9c5bec886b777f5c9298302bd62","type":"open"},"id":"JAVA"}}
{"recorder_version":"21","session":"fe98d76c61e5","build":"192.6603.28","bucket":"163","time":1569410623911,"group":{"id":"performance","version":"21"},"event":{"count":1,"data":{"duration_ms":130,"created":1569410623911},"id":"ui.lagging"}}
{"recorder_version":"21","session":"fe98d76c61e5","build":"192.6603.28","bucket":"163","time":1569410626552,"group":{"id":"actions","version":"21"},"event":{"count":1,"data":{"context_menu":false,"current_file":"JAVA","created":1569410626553,"plugin_type":"PLATFORM","project":"400c8e693833343f8d7e77acd21b278fb600d9c5bec886b777f5c9298302bd62","place":"keyboard_shortcut","class":"com.intellij.ide.actions.SelectAllAction","input_event":"Meta+A"},"id":"$SelectAll"}}
{"recorder_version":"21","session":"fe98d76c61e5","build":"192.6603.28","bucket":"163","time":1569410627485,"group":{"id":"actions","version":"21"},"event":{"count":1,"data":{"context_menu":false,"current_file":"JAVA","created":1569410627485,"plugin_type":"PLATFORM","project":"400c8e693833343f8d7e77acd21b278fb600d9c5bec886b777f5c9298302bd62","place":"keyboard_shortcut","class":"com.intellij.openapi.editor.actions.PasteAction","input_event":"Meta+V"},"id":"EditorPaste"}}
{"recorder_version":"21","session":"fe98d76c61e5","build":"192.6603.28","bucket":"163","time":1569410645605,"group":{"id":"lifecycle","version":"21"},"event":{"count":1,"data":{"created":1569410645605,"project":"400c8e693833343f8d7e77acd21b278fb600d9c5bec886b777f5c9298302bd62"},"id":"frame.deactivated"}}
{"recorder_version":"21","session":"fe98d76c61e5","build":"192.6603.28","bucket":"163","time":1569410649093,"group":{"id":"lifecycle","version":"21"},"event":{"count":1,"data":{"created":1569410649093,"project":"400c8e693833343f8d7e77acd21b278fb600d9c5bec886b777f5c9298302bd62"},"id":"frame.activated"}}
{"recorder_version":"21","session":"fe98d76c61e5","build":"192.6603.28","bucket":"163","time":1569410655648,"group":{"id":"lifecycle","version":"21"},"event":{"count":1,"data":{"plugin":"Git4Idea","created":1569410655648,"plugin_type":"JB_BUNDLED","error":"java.lang.reflect.InvocationTargetException"},"id":"ide.error"}}
{"recorder_version":"21","session":"fe98d76c61e5","build":"192.6603.28","bucket":"163","time":1569410655977,"group":{"id":"performance","version":"21"},"event":{"count":1,"data":{"duration_ms":152,"created":1569410655977},"id":"ui.lagging"}}
{"recorder_version":"21","session":"fe98d76c61e5","build":"192.6603.28","bucket":"163","time":1569410669711,"group":{"id":"actions","version":"21"},"event":{"count":1,"data":{"created":1569410669711},"id":"tooltip.actions.show.all"}}
{"recorder_version":"21","session":"fe98d76c61e5","build":"192.6603.28","bucket":"163","time":1569410670415,"group":{"id":"performance","version":"21"},"event":{"count":1,"data":{"duration_ms":559,"created":1569410670415},"id":"ui.lagging"}}
{"recorder_version":"21","session":"fe98d76c61e5","build":"192.6603.28","bucket":"163","time":1569410683648,"group":{"id":"intentions","version":"21"},"event":{"count":1,"data":{"os":"Mac","created":1569410683648,"plugin_type":"PLATFORM","project":"400c8e693833343f8d7e77acd21b278fb600d9c5bec886b777f5c9298302bd62","lang":"JAVA"},"id":"com.intellij.codeInsight.daemon.impl.quickfix.RenameFileFix"}}
{"recorder_version":"21","session":"fe98d76c61e5","build":"192.6603.28","bucket":"163","time":1569410693350,"group":{"id":"productivity","version":"21"},"event":{"count":1,"data":{"created":1569410693350,"plugin_type":"PLATFORM"},"id":"editing.select.word"}}
{"recorder_version":"21","session":"fe98d76c61e5","build":"192.6603.28","bucket":"163","time":1569410693886,"group":{"id":"performance","version":"21"},"event":{"count":1,"data":{"duration_ms":0,"created":1569410693886},"id":"ui.latency"}}
{"recorder_version":"21","session":"fe98d76c61e5","build":"192.6603.28","bucket":"163","time":1569410697744,"group":{"id":"actions","version":"21"},"event":{"count":1,"data":{"context_menu":false,"current_file":"JAVA","created":1569410697744,"plugin_type":"PLATFORM","project":"400c8e693833343f8d7e77acd21b278fb600d9c5bec886b777f5c9298302bd62","place":"keyboard_shortcut","class":"com.intellij.openapi.editor.actions.EnterAction","input_event":"Enter"},"id":"EditorEnter"}}
{"recorder_version":"21","session":"fe98d76c61e5","build":"192.6603.28","bucket":"163","time":1569410699825,"group":{"id":"file.types.usage","version":"21"},"event":{"count":1,"data":{"plugin":"com.intellij.java","created":1569410699825,"plugin_type":"JB_BUNDLED","project":"400c8e693833343f8d7e77acd21b278fb600d9c5bec886b777f5c9298302bd62","type":"edit"},"id":"JAVA"}}
{"recorder_version":"21","session":"fe98d76c61e5","build":"192.6603.28","bucket":"163","time":1569410700180,"group":{"id":"performance","version":"21"},"event":{"count":1,"data":{"duration_ms":287,"created":1569410700180},"id":"ui.lagging"}}
{"recorder_version":"21","session":"fe98d76c61e5","build":"192.6603.28","bucket":"163","time":1569410705028,"group":{"id":"actions","version":"21"},"event":{"count":1,"data":{"context_menu":false,"current_file":"JAVA","created":1569410705028,"plugin_type":"PLATFORM","project":"400c8e693833343f8d7e77acd21b278fb600d9c5bec886b777f5c9298302bd62","place":"keyboard_shortcut","class":"com.intellij.codeInsight.lookup.impl.actions.ChooseItemAction$FocusedOnly","input_event":"Enter"},"id":"EditorChooseLookupItem"}}
{"recorder_version":"21","session":"fe98d76c61e5","build":"192.6603.28","bucket":"163","time":1569410705062,"group":{"id":"productivity","version":"21"},"event":{"count":1,"data":{"created":1569410705063,"plugin_type":"PLATFORM"},"id":"editing.completion.basic"}}
{"recorder_version":"21","session":"fe98d76c61e5","build":"192.6603.28","bucket":"163","time":1569410711048,"group":{"id":"lifecycle","version":"21"},"event":{"count":1,"data":{"created":1569410711049,"project":"400c8e693833343f8d7e77acd21b278fb600d9c5bec886b777f5c9298302bd62"},"id":"frame.deactivated"}}
{"recorder_version":"21","session":"fe98d76c61e5","build":"192.6603.28","bucket":"163","time":1569410715097,"group":{"id":"lifecycle","version":"21"},"event":{"count":1,"data":{"created":1569410715100,"project":"400c8e693833343f8d7e77acd21b278fb600d9c5bec886b777f5c9298302bd62"},"id":"frame.activated"}}
{"recorder_version":"21","session":"fe98d76c61e5","build":"192.6603.28","bucket":"163","time":1569410716010,"group":{"id":"actions","version":"21"},"event":{"count":4,"data":{"context_menu":false,"last":1569410716827,"current_file":"JAVA","created":1569410716010,"plugin_type":"PLATFORM","project":"400c8e693833343f8d7e77acd21b278fb600d9c5bec886b777f5c9298302bd62","place":"keyboard_shortcut","class":"com.intellij.openapi.editor.actions.BackspaceAction","input_event":"Backspace"},"id":"EditorBackSpace"}}
{"recorder_version":"21","session":"fe98d76c61e5","build":"192.6603.28","bucket":"163","time":1569410719752,"group":{"id":"actions","version":"21"},"event":{"count":1,"data":{"context_menu":false,"current_file":"JAVA","created":1569410719752,"plugin_type":"PLATFORM","project":"400c8e693833343f8d7e77acd21b278fb600d9c5bec886b777f5c9298302bd62","place":"keyboard_shortcut","class":"com.intellij.codeInsight.lookup.impl.actions.ChooseItemAction$FocusedOnly","input_event":"Enter"},"id":"EditorChooseLookupItem"}}
{"recorder_version":"21","session":"fe98d76c61e5","build":"192.6603.28","bucket":"163","time":1569410719775,"group":{"id":"productivity","version":"21"},"event":{"count":1,"data":{"created":1569410719775,"plugin_type":"PLATFORM"},"id":"editing.completion.basic"}}
{"recorder_version":"21","session":"fe98d76c61e5","build":"192.6603.28","bucket":"163","time":1569410763775,"group":{"id":"file.types.usage","version":"21"},"event":{"count":1,"data":{"plugin":"com.intellij.java","created":1569410763775,"plugin_type":"JB_BUNDLED","project":"400c8e693833343f8d7e77acd21b278fb600d9c5bec886b777f5c9298302bd62","type":"edit"},"id":"JAVA"}}
{"recorder_version":"21","session":"fe98d76c61e5","build":"192.6603.28","bucket":"163","time":1569410776976,"group":{"id":"actions","version":"21"},"event":{"count":1,"data":{"context_menu":false,"current_file":"JAVA","created":1569410776976,"plugin_type":"PLATFORM","project":"400c8e693833343f8d7e77acd21b278fb600d9c5bec886b777f5c9298302bd62","place":"keyboard_shortcut","class":"com.intellij.openapi.editor.actions.BackspaceAction","input_event":"Backspace"},"id":"EditorBackSpace"}}
{"recorder_version":"21","session":"fe98d76c61e5","build":"192.6603.28","bucket":"163","time":1569410777404,"group":{"id":"file.types.usage","version":"21"},"event":{"count":1,"data":{"plugin":"com.intellij.java","created":1569410777404,"plugin_type":"JB_BUNDLED","project":"400c8e693833343f8d7e77acd21b278fb600d9c5bec886b777f5c9298302bd62","type":"edit"},"id":"JAVA"}}
{"recorder_version":"21","session":"fe98d76c61e5","build":"192.6603.28","bucket":"163","time":1569410791531,"group":{"id":"lifecycle","version":"21"},"event":{"count":1,"data":{"created":1569410791535,"project":"400c8e693833343f8d7e77acd21b278fb600d9c5bec886b777f5c9298302bd62"},"id":"frame.deactivated"}}
{"recorder_version":"21","session":"fe98d76c61e5","build":"192.6603.28","bucket":"163","time":1569410792912,"group":{"id":"lifecycle","version":"21"},"event":{"count":1,"data":{"created":1569410792913,"project":"400c8e693833343f8d7e77acd21b278fb600d9c5bec886b777f5c9298302bd62"},"id":"frame.activated"}}
{"recorder_version":"21","session":"fe98d76c61e5","build":"192.6603.28","bucket":"163","time":1569410794044,"group":{"id":"performance","version":"21"},"event":{"count":1,"data":{"duration_ms":0,"created":1569410794044},"id":"ui.latency"}}
{"recorder_version":"21","session":"fe98d76c61e5","build":"192.6603.28","bucket":"163","time":1569410801129,"group":{"id":"lifecycle","version":"21"},"event":{"count":1,"data":{"created":1569410801131,"project":"400c8e693833343f8d7e77acd21b278fb600d9c5bec886b777f5c9298302bd62"},"id":"frame.deactivated"}}
{"recorder_version":"21","session":"fe98d76c61e5","build":"192.6603.28","bucket":"163","time":1569410892723,"group":{"id":"build.tools.actions","version":"1"},"event":{"count":1,"data":{"created":1569410892723},"id":"registered"}}
{"recorder_version":"21","session":"fe98d76c61e5","build":"192.6603.28","bucket":"163","time":1569410892723,"group":{"id":"file.types.usage","version":"21"},"event":{"count":1,"data":{"created":1569410892724},"id":"registered"}}
{"recorder_version":"21","session":"fe98d76c61e5","build":"192.6603.28","bucket":"163","time":1569410892723,"group":{"id":"ide.script.engine","version":"1"},"event":{"count":1,"data":{"created":1569410892724},"id":"registered"}}
{"recorder_version":"21","session":"fe98d76c61e5","build":"192.6603.28","bucket":"163","time":1569410892723,"group":{"id":"actions.runAnything","version":"1"},"event":{"count":1,"data":{"created":1569410892724},"id":"registered"}}
{"recorder_version":"21","session":"fe98d76c61e5","build":"192.6603.28","bucket":"163","time":1569410892723,"group":{"id":"toolwindow","version":"21"},"event":{"count":1,"data":{"created":1569410892724},"id":"registered"}}
{"recorder_version":"21","session":"fe98d76c61e5","build":"192.6603.28","bucket":"163","time":1569410892723,"group":{"id":"kotlin.ide.newFileTempl","version":"1"},"event":{"count":1,"data":{"created":1569410892725},"id":"registered"}}
{"recorder_version":"21","session":"fe98d76c61e5","build":"192.6603.28","bucket":"163","time":1569410892723,"group":{"id":"live.templates","version":"21"},"event":{"count":1,"data":{"created":1569410892725},"id":"registered"}}
{"recorder_version":"21","session":"fe98d76c61e5","build":"192.6603.28","bucket":"163","time":1569410892723,"group":{"id":"ide.self.update","version":"2"},"event":{"count":1,"data":{"created":1569410892725},"id":"registered"}}
{"recorder_version":"21","session":"fe98d76c61e5","build":"192.6603.28","bucket":"163","time":1569410892723,"group":{"id":"ui.settings","version":"21"},"event":{"count":1,"data":{"created":1569410892725},"id":"registered"}}
{"recorder_version":"21","session":"fe98d76c61e5","build":"192.6603.28","bucket":"163","time":1569410892723,"group":{"id":"lifecycle","version":"21"},"event":{"count":1,"data":{"created":1569410892725},"id":"registered"}}
{"recorder_version":"21","session":"fe98d76c61e5","build":"192.6603.28","bucket":"163","time":1569410892723,"group":{"id":"vcs.diff.trigger","version":"1"},"event":{"count":1,"data":{"created":1569410892726},"id":"registered"}}
{"recorder_version":"21","session":"fe98d76c61e5","build":"192.6603.28","bucket":"163","time":1569410892723,"group":{"id":"vcs.log.trigger","version":"2"},"event":{"count":1,"data":{"created":1569410892726},"id":"registered"}}
{"recorder_version":"21","session":"fe98d76c61e5","build":"192.6603.28","bucket":"163","time":1569410892723,"group":{"id":"productivity","version":"21"},"event":{"count":1,"data":{"created":1569410892726},"id":"registered"}}
{"recorder_version":"21","session":"fe98d76c61e5","build":"192.6603.28","bucket":"163","time":1569410892723,"group":{"id":"debugger.breakpoints.usage","version":"2"},"event":{"count":1,"data":{"created":1569410892726},"id":"registered"}}
{"recorder_version":"21","session":"fe98d76c61e5","build":"192.6603.28","bucket":"163","time":1569410892723,"group":{"id":"kotlin.gradle.library","version":"1"},"event":{"count":1,"data":{"created":1569410892726},"id":"registered"}}
{"recorder_version":"21","session":"fe98d76c61e5","build":"192.6603.28","bucket":"163","time":1569410892723,"group":{"id":"find","version":"1"},"event":{"count":1,"data":{"created":1569410892726},"id":"registered"}}
{"recorder_version":"21","session":"fe98d76c61e5","build":"192.6603.28","bucket":"163","time":1569410892723,"group":{"id":"kotlin.gradle.target","version":"1"},"event":{"count":1,"data":{"created":1569410892727},"id":"registered"}}
{"recorder_version":"21","session":"fe98d76c61e5","build":"192.6603.28","bucket":"163","time":1569410892723,"group":{"id":"gutter.icon.click","version":"1"},"event":{"count":1,"data":{"created":1569410892727},"id":"registered"}}
{"recorder_version":"21","session":"fe98d76c61e5","build":"192.6603.28","bucket":"163","time":1569410892723,"group":{"id":"shell.script","version":"1"},"event":{"count":1,"data":{"created":1569410892727},"id":"registered"}}
{"recorder_version":"21","session":"fe98d76c61e5","build":"192.6603.28","bucket":"163","time":1569410892723,"group":{"id":"kotlin.ide.debugger.eval","version":"1"},"event":{"count":1,"data":{"created":1569410892727},"id":"registered"}}
{"recorder_version":"21","session":"fe98d76c61e5","build":"192.6603.28","bucket":"163","time":1569410892723,"group":{"id":"build.maven.actions","version":"1"},"event":{"count":1,"data":{"created":1569410892727},"id":"registered"}}
{"recorder_version":"21","session":"fe98d76c61e5","build":"192.6603.28","bucket":"163","time":1569410892723,"group":{"id":"ui.event","version":"1"},"event":{"count":1,"data":{"created":1569410892727},"id":"registered"}}
{"recorder_version":"21","session":"fe98d76c61e5","build":"192.6603.28","bucket":"163","time":1569410892723,"group":{"id":"new.project.wizard","version":"1"},"event":{"count":1,"data":{"created":1569410892727},"id":"registered"}}
{"recorder_version":"21","session":"fe98d76c61e5","build":"192.6603.28","bucket":"163","time":1569410892723,"group":{"id":"kotlin.ide.npwizards","version":"1"},"event":{"count":1,"data":{"created":1569410892727},"id":"registered"}}
{"recorder_version":"21","session":"fe98d76c61e5","build":"192.6603.28","bucket":"163","time":1569410892723,"group":{"id":"intentions","version":"21"},"event":{"count":1,"data":{"created":1569410892727},"id":"registered"}}
{"recorder_version":"21","session":"fe98d76c61e5","build":"192.6603.28","bucket":"163","time":1569410892723,"group":{"id":"ui.dialogs","version":"21"},"event":{"count":1,"data":{"created":1569410892728},"id":"registered"}}
{"recorder_version":"21","session":"fe98d76c61e5","build":"192.6603.28","bucket":"163","time":1569410892723,"group":{"id":"vcs.back.forward.trigger","version":"1"},"event":{"count":1,"data":{"created":1569410892728},"id":"registered"}}
{"recorder_version":"21","session":"fe98d76c61e5","build":"192.6603.28","bucket":"163","time":1569410892723,"group":{"id":"vcs.change.reminder","version":"1"},"event":{"count":1,"data":{"created":1569410892728},"id":"registered"}}
{"recorder_version":"21","session":"fe98d76c61e5","build":"192.6603.28","bucket":"163","time":1569410892723,"group":{"id":"toolbar","version":"21"},"event":{"count":1,"data":{"created":1569410892728},"id":"registered"}}
{"recorder_version":"21","session":"fe98d76c61e5","build":"192.6603.28","bucket":"163","time":1569410892723,"group":{"id":"build.gradle.actions","version":"1"},"event":{"count":1,"data":{"created":1569410892728},"id":"registered"}}
{"recorder_version":"21","session":"fe98d76c61e5","build":"192.6603.28","bucket":"163","time":1569410892723,"group":{"id":"kotlin.maven.target","version":"1"},"event":{"count":1,"data":{"created":1569410892728},"id":"registered"}}
{"recorder_version":"21","session":"fe98d76c61e5","build":"192.6603.28","bucket":"163","time":1569410892723,"group":{"id":"performance","version":"21"},"event":{"count":1,"data":{"created":1569410892728},"id":"registered"}}
{"recorder_version":"21","session":"fe98d76c61e5","build":"192.6603.28","bucket":"163","time":1569410892723,"group":{"id":"searchEverywhere","version":"1"},"event":{"count":1,"data":{"created":1569410892728},"id":"registered"}}
{"recorder_version":"21","session":"fe98d76c61e5","build":"192.6603.28","bucket":"163","time":1569410892723,"group":{"id":"kotlin.ide.action.refactoring","version":"1"},"event":{"count":1,"data":{"created":1569410892728},"id":"registered"}}
{"recorder_version":"21","session":"fe98d76c61e5","build":"192.6603.28","bucket":"163","time":1569410892723,"group":{"id":"ui.tips","version":"2"},"event":{"count":1,"data":{"created":1569410892728},"id":"registered"}}
{"recorder_version":"21","session":"fe98d76c61e5","build":"192.6603.28","bucket":"163","time":1569410892723,"group":{"id":"surround.with","version":"1"},"event":{"count":1,"data":{"created":1569410892728},"id":"registered"}}
{"recorder_version":"21","session":"fe98d76c61e5","build":"192.6603.28","bucket":"163","time":1569410892723,"group":{"id":"import.old.config","version":"1"},"event":{"count":1,"data":{"created":1569410892728},"id":"registered"}}
{"recorder_version":"21","session":"fe98d76c61e5","build":"192.6603.28","bucket":"163","time":1569410892723,"group":{"id":"json.schema","version":"1"},"event":{"count":1,"data":{"created":1569410892729},"id":"registered"}}
{"recorder_version":"21","session":"fe98d76c61e5","build":"192.6603.28","bucket":"163","time":1569410892723,"group":{"id":"kotlin.jps.target","version":"1"},"event":{"count":1,"data":{"created":1569410892729},"id":"registered"}}
{"recorder_version":"21","session":"fe98d76c61e5","build":"192.6603.28","bucket":"163","time":1569410892723,"group":{"id":"terminalShell","version":"1"},"event":{"count":1,"data":{"created":1569410892729},"id":"registered"}}
{"recorder_version":"21","session":"fe98d76c61e5","build":"192.6603.28","bucket":"163","time":1569410892723,"group":{"id":"completion.postfix","version":"21"},"event":{"count":1,"data":{"created":1569410892729},"id":"registered"}}
{"recorder_version":"21","session":"fe98d76c61e5","build":"192.6603.28","bucket":"163","time":1569410892723,"group":{"id":"build.ant.actions","version":"1"},"event":{"count":1,"data":{"created":1569410892729},"id":"registered"}}
{"recorder_version":"21","session":"fe98d76c61e5","build":"192.6603.28","bucket":"163","time":1569410892723,"group":{"id":"actions","version":"21"},"event":{"count":1,"data":{"created":1569410892729},"id":"registered"}}
{"recorder_version":"21","session":"fe98d76c61e5","build":"192.6603.28","bucket":"163","time":1569410892723,"group":{"id":"event.log","version":"21"},"event":{"count":1,"data":{"created":1569410892729},"id":"registered"}}
{"recorder_version":"21","session":"fe98d76c61e5","build":"192.6603.28","bucket":"163","time":1569410892723,"group":{"id":"run.configuration.exec","version":"21"},"event":{"count":1,"data":{"created":1569410892730},"id":"registered"}}
{"recorder_version":"21","session":"fe98d76c61e5","build":"192.6603.28","bucket":"163","time":1569410892723,"group":{"id":"build.maven.packagesearch","version":"2"},"event":{"count":1,"data":{"created":1569410892730},"id":"registered"}}
{"recorder_version":"21","session":"fe98d76c61e5","build":"192.6603.28","bucket":"163","time":1569410894172,"group":{"id":"performance","version":"21"},"event":{"count":1,"data":{"duration_ms":1,"created":1569410894172},"id":"ui.latency"}}
{"recorder_version":"21","session":"fe98d76c61e5","build":"192.6603.28","bucket":"163","time":1569410900307,"group":{"id":"lifecycle","version":"21"},"event":{"count":1,"data":{"plugin":"Git4Idea","created":1569410900307,"plugin_type":"JB_BUNDLED","error":"java.lang.reflect.InvocationTargetException"},"id":"ide.error"}}
{"recorder_version":"21","session":"fe98d76c61e5","build":"192.6603.28","bucket":"163","time":1569410950449,"group":{"id":"lifecycle","version":"21"},"event":{"count":1,"data":{"plugin":"Git4Idea","created":1569410950450,"plugin_type":"JB_BUNDLED","error":"java.lang.reflect.InvocationTargetException"},"id":"ide.error"}}
{"recorder_version":"21","session":"fe98d76c61e5","build":"192.6603.28","bucket":"163","time":1569410994604,"group":{"id":"performance","version":"21"},"event":{"count":1,"data":{"duration_ms":0,"created":1569410994604},"id":"ui.latency"}}
{"recorder_version":"21","session":"fe98d76c61e5","build":"192.6603.28","bucket":"163","time":1569411094904,"group":{"id":"performance","version":"21"},"event":{"count":1,"data":{"duration_ms":0,"created":1569411094905},"id":"ui.latency"}}
{"recorder_version":"21","session":"fe98d76c61e5","build":"192.6603.28","bucket":"163","time":1569411195122,"group":{"id":"performance","version":"21"},"event":{"count":1,"data":{"duration_ms":1,"created":1569411195122},"id":"ui.latency"}}
{"recorder_version":"21","session":"fe98d76c61e5","build":"192.6603.28","bucket":"163","time":1569411295336,"group":{"id":"performance","version":"21"},"event":{"count":1,"data":{"duration_ms":0,"created":1569411295336},"id":"ui.latency"}}
{"recorder_version":"21","session":"fe98d76c61e5","build":"192.6603.28","bucket":"163","time":1569411395564,"group":{"id":"performance","version":"21"},"event":{"count":1,"data":{"duration_ms":0,"created":1569411395565},"id":"ui.latency"}}
{"recorder_version":"21","session":"fe98d76c61e5","build":"192.6603.28","bucket":"163","time":1569411492640,"group":{"id":"platform.registry.application","version":"1"},"event":{"state":true,"data":{"created":1569411492640,"plugin_type":"PLATFORM"},"id":"recent.and.edited.files.together"}}
{"recorder_version":"21","session":"fe98d76c61e5","build":"192.6603.28","bucket":"163","time":1569411492640,"group":{"id":"platform.registry.application","version":"1"},"event":{"state":true,"data":{"created":1569411492640,"plugin_type":"PLATFORM"},"id":"inline.browse.button"}}
{"recorder_version":"21","session":"fe98d76c61e5","build":"192.6603.28","bucket":"163","time":1569411492640,"group":{"id":"platform.registry.application","version":"1"},"event":{"state":true,"data":{"created":1569411492641,"plugin_type":"PLATFORM"},"id":"show.create.new.element.in.popup"}}
{"recorder_version":"21","session":"fe98d76c61e5","build":"192.6603.28","bucket":"163","time":1569411492640,"group":{"id":"platform.registry.application","version":"1"},"event":{"state":true,"data":{"created":1569411492641,"plugin_type":"PLATFORM"},"id":"property.value.inplace.editing"}}
{"recorder_version":"21","session":"fe98d76c61e5","build":"192.6603.28","bucket":"163","time":1569411492640,"group":{"id":"platform.registry.application","version":"1"},"event":{"state":true,"data":{"created":1569411492641},"id":"java.completion.argument.hints.internal"}}
{"recorder_version":"21","session":"fe98d76c61e5","build":"192.6603.28","bucket":"163","time":1569411492640,"group":{"id":"platform.registry.application","version":"1"},"event":{"state":true,"data":{"created":1569411492641,"plugin_type":"PLATFORM"},"id":"linux.native.menu"}}
{"recorder_version":"21","session":"fe98d76c61e5","build":"192.6603.28","bucket":"163","time":1569411492640,"group":{"id":"platform.registry.application","version":"1"},"event":{"state":true,"data":{"created":1569411492641,"plugin_type":"PLATFORM"},"id":"new.large.text.file.viewer"}}
{"recorder_version":"21","session":"fe98d76c61e5","build":"192.6603.28","bucket":"163","time":1569411492640,"group":{"id":"platform.registry.application","version":"1"},"event":{"state":true,"data":{"created":1569411492641},"id":"invoked"}}
{"recorder_version":"21","session":"fe98d76c61e5","build":"192.6603.28","bucket":"163","time":1569411492640,"group":{"id":"keymaps.name","version":"1"},"event":{"state":true,"data":{"os":"Mac","created":1569411492642},"id":"Mac_OS_X_10.5+"}}
{"recorder_version":"21","session":"fe98d76c61e5","build":"192.6603.28","bucket":"163","time":1569411492640,"group":{"id":"keymaps.name","version":"1"},"event":{"state":true,"data":{"created":1569411492642},"id":"invoked"}}
{"recorder_version":"21","session":"fe98d76c61e5","build":"192.6603.28","bucket":"163","time":1569411492643,"group":{"id":"ui.screen.scale","version":"1"},"event":{"state":true,"data":{"os":"Mac","created":1569411492643},"id":"ScaledMode_2.0"}}
{"recorder_version":"21","session":"fe98d76c61e5","build":"192.6603.28","bucket":"163","time":1569411492643,"group":{"id":"ui.screen.scale","version":"1"},"event":{"state":true,"data":{"created":1569411492643},"id":"invoked"}}
{"recorder_version":"21","session":"fe98d76c61e5","build":"192.6603.28","bucket":"163","time":1569411492643,"group":{"id":"vcs.github","version":"1"},"event":{"state":true,"data":{"created":1569411492644},"id":"github.accounts.not.default.host.disabled"}}
{"recorder_version":"21","session":"fe98d76c61e5","build":"192.6603.28","bucket":"163","time":1569411492643,"group":{"id":"vcs.github","version":"1"},"event":{"state":true,"data":{"created":1569411492644},"id":"github.accounts.count.0"}}
{"recorder_version":"21","session":"fe98d76c61e5","build":"192.6603.28","bucket":"163","time":1569411492643,"group":{"id":"vcs.github","version":"1"},"event":{"state":true,"data":{"created":1569411492644},"id":"invoked"}}
{"recorder_version":"21","session":"fe98d76c61e5","build":"192.6603.28","bucket":"163","time":1569411492643,"group":{"id":"ui.hidpi.mode","version":"1"},"event":{"state":true,"data":{"os":"Mac","created":1569411492644},"id":"per_monitor_dpi"}}
{"recorder_version":"21","session":"fe98d76c61e5","build":"192.6603.28","bucket":"163","time":1569411492643,"group":{"id":"ui.hidpi.mode","version":"1"},"event":{"state":true,"data":{"created":1569411492644},"id":"invoked"}}
{"recorder_version":"21","session":"fe98d76c61e5","build":"192.6603.28","bucket":"163","time":1569411492645,"group":{"id":"vcs.application.configuration","version":"1"},"event":{"state":true,"data":{"created":1569411492645},"id":"invoked"}}
{"recorder_version":"21","session":"fe98d76c61e5","build":"192.6603.28","bucket":"163","time":1569411492645,"group":{"id":"plugins","version":"1"},"event":{"state":true,"data":{"created":1569411492645,"plugin_type":"NOT_LISTED"},"id":"enabled.not.bundled.plugin"}}
{"recorder_version":"21","session":"fe98d76c61e5","build":"192.6603.28","bucket":"163","time":1569411492645,"group":{"id":"plugins","version":"1"},"event":{"state":true,"data":{"created":1569411492646},"id":"invoked"}}
{"recorder_version":"21","session":"fe98d76c61e5","build":"192.6603.28","bucket":"163","time":1569411492645,"group":{"id":"ui.editor.color.schemes","version":"2"},"event":{"state":true,"data":{"os":"Mac","created":1569411492646,"value":false},"id":"Default"}}
{"recorder_version":"21","session":"fe98d76c61e5","build":"192.6603.28","bucket":"163","time":1569411492645,"group":{"id":"ui.editor.color.schemes","version":"2"},"event":{"state":true,"data":{"created":1569411492646},"id":"invoked"}}
{"recorder_version":"21","session":"fe98d76c61e5","build":"192.6603.28","bucket":"163","time":1569411492646,"group":{"id":"ui.look.and.feel","version":"1"},"event":{"state":true,"data":{"os":"Mac","created":1569411492646},"id":"Light"}}
{"recorder_version":"21","session":"fe98d76c61e5","build":"192.6603.28","bucket":"163","time":1569411492646,"group":{"id":"ui.look.and.feel","version":"1"},"event":{"state":true,"data":{"created":1569411492646},"id":"invoked"}}
{"recorder_version":"21","session":"fe98d76c61e5","build":"192.6603.28","bucket":"163","time":1569411492646,"group":{"id":"os.linux.wm","version":"1"},"event":{"state":true,"data":{"created":1569411492646},"id":"invoked"}}
{"recorder_version":"21","session":"fe98d76c61e5","build":"192.6603.28","bucket":"163","time":1569411492653,"group":{"id":"vcs.diff","version":"2"},"event":{"state":true,"data":{"created":1569411492653},"id":"invoked"}}
{"recorder_version":"21","session":"fe98d76c61e5","build":"192.6603.28","bucket":"163","time":1569411492653,"group":{"id":"vcs.log.index.application","version":"2"},"event":{"state":true,"data":{"created":1569411492654},"id":"invoked"}}
{"recorder_version":"21","session":"fe98d76c61e5","build":"192.6603.28","bucket":"163","time":1569411492656,"group":{"id":"ui.info.features","version":"2"},"event":{"state":true,"data":{"os":"Mac","created":1569411492656},"id":"Allow.merging.buttons.enabled"}}
{"recorder_version":"21","session":"fe98d76c61e5","build":"192.6603.28","bucket":"163","time":1569411492656,"group":{"id":"ui.info.features","version":"2"},"event":{"state":true,"data":{"os":"Mac","created":1569411492656},"id":"QuickDoc.AutoUpdate"}}
{"recorder_version":"21","session":"fe98d76c61e5","build":"192.6603.28","bucket":"163","time":1569411492656,"group":{"id":"ui.info.features","version":"2"},"event":{"state":true,"data":{"os":"Mac","created":1569411492657},"id":"validation.unmatched_rule"}}
{"recorder_version":"21","session":"fe98d76c61e5","build":"192.6603.28","bucket":"163","time":1569411492656,"group":{"id":"ui.info.features","version":"2"},"event":{"state":true,"data":{"grouped":"[30_50]","os":"Mac","created":1569411492657},"id":"recent.files"}}
{"recorder_version":"21","session":"fe98d76c61e5","build":"192.6603.28","bucket":"163","time":1569411492656,"group":{"id":"ui.info.features","version":"2"},"event":{"state":true,"data":{"os":"Mac","created":1569411492657},"id":"Line.Numbers"}}
{"recorder_version":"21","session":"fe98d76c61e5","build":"192.6603.28","bucket":"163","time":1569411492656,"group":{"id":"ui.info.features","version":"2"},"event":{"state":true,"data":{"os":"Mac","created":1569411492657},"id":"Tabs.Top"}}
{"recorder_version":"21","session":"fe98d76c61e5","build":"192.6603.28","bucket":"163","time":1569411492656,"group":{"id":"ui.info.features","version":"2"},"event":{"state":true,"data":{"os":"Mac","created":1569411492658},"id":"Retina"}}
{"recorder_version":"21","session":"fe98d76c61e5","build":"192.6603.28","bucket":"163","time":1569411492656,"group":{"id":"ui.info.features","version":"2"},"event":{"state":true,"data":{"os":"Mac","created":1569411492658},"id":"Nav.Bar.visible"}}
{"recorder_version":"21","session":"fe98d76c61e5","build":"192.6603.28","bucket":"163","time":1569411492656,"group":{"id":"ui.info.features","version":"2"},"event":{"state":true,"data":{"os":"Mac","created":1569411492658},"id":"validation.unmatched_rule"}}
{"recorder_version":"21","session":"fe98d76c61e5","build":"192.6603.28","bucket":"163","time":1569411492656,"group":{"id":"ui.info.features","version":"2"},"event":{"state":true,"data":{"os":"Mac","created":1569411492658},"id":"Recent.Files[30_50]"}}
{"recorder_version":"21","session":"fe98d76c61e5","build":"192.6603.28","bucket":"163","time":1569411492656,"group":{"id":"ui.info.features","version":"2"},"event":{"state":true,"data":{"os":"Mac","created":1569411492658},"id":"Status.bar.visible"}}
{"recorder_version":"21","session":"fe98d76c61e5","build":"192.6603.28","bucket":"163","time":1569411492656,"group":{"id":"ui.info.features","version":"2"},"event":{"state":true,"data":{"os":"Mac","created":1569411492658},"id":"Tool.Window.buttons.hidden"}}
{"recorder_version":"21","session":"fe98d76c61e5","build":"192.6603.28","bucket":"163","time":1569411492656,"group":{"id":"ui.info.features","version":"2"},"event":{"state":true,"data":{"os":"Mac","created":1569411492658},"id":"Gutter.Icons"}}
{"recorder_version":"21","session":"fe98d76c61e5","build":"192.6603.28","bucket":"163","time":1569411492656,"group":{"id":"ui.info.features","version":"2"},"event":{"state":true,"data":{"os":"Mac","created":1569411492658},"id":"Show.tips.on.startup"}}
{"recorder_version":"21","session":"fe98d76c61e5","build":"192.6603.28","bucket":"163","time":1569411492656,"group":{"id":"ui.info.features","version":"2"},"event":{"state":true,"data":{"os":"Mac","created":1569411492659},"id":"Toolbar.hidden"}}
{"recorder_version":"21","session":"fe98d76c61e5","build":"192.6603.28","bucket":"163","time":1569411492656,"group":{"id":"ui.info.features","version":"2"},"event":{"state":true,"data":{"os":"Mac","created":1569411492659},"id":"Toolbar.and.NavBar"}}
{"recorder_version":"21","session":"fe98d76c61e5","build":"192.6603.28","bucket":"163","time":1569411492656,"group":{"id":"ui.info.features","version":"2"},"event":{"state":true,"data":{"created":1569411492659},"id":"invoked"}}
{"recorder_version":"21","session":"fe98d76c61e5","build":"192.6603.28","bucket":"163","time":1569411492656,"group":{"id":"ui.accessibility.screen.reader","version":"1"},"event":{"state":true,"data":{"os":"Mac","created":1569411492659},"id":"screen.reader.DISABLED"}}
{"recorder_version":"21","session":"fe98d76c61e5","build":"192.6603.28","bucket":"163","time":1569411492656,"group":{"id":"ui.accessibility.screen.reader","version":"1"},"event":{"state":true,"data":{"created":1569411492659},"id":"invoked"}}
{"recorder_version":"21","session":"fe98d76c61e5","build":"192.6603.28","bucket":"163","time":1569411492660,"group":{"id":"debugger.settings.ide","version":"2"},"event":{"state":true,"data":{"created":1569411492660},"id":"invoked"}}
{"recorder_version":"21","session":"fe98d76c61e5","build":"192.6603.28","bucket":"163","time":1569411492660,"group":{"id":"ui.fonts","version":"1"},"event":{"state":true,"data":{"os":"Mac","created":1569411492660,"value":1.2},"id":"editor.lineSpacing"}}
{"recorder_version":"21","session":"fe98d76c61e5","build":"192.6603.28","bucket":"163","time":1569411492660,"group":{"id":"ui.fonts","version":"1"},"event":{"state":true,"data":{"os":"Mac","created":1569411492661},"id":"IDE.editor.font.size[12]"}}
{"recorder_version":"21","session":"fe98d76c61e5","build":"192.6603.28","bucket":"163","time":1569411492660,"group":{"id":"ui.fonts","version":"1"},"event":{"state":true,"data":{"os":"Mac","created":1569411492661},"id":"UI.font.size[13]"}}
{"recorder_version":"21","session":"fe98d76c61e5","build":"192.6603.28","bucket":"163","time":1569411492660,"group":{"id":"ui.fonts","version":"1"},"event":{"state":true,"data":{"os":"Mac","created":1569411492662},"id":"IDE.editor.font.name[Menlo]"}}
{"recorder_version":"21","session":"fe98d76c61e5","build":"192.6603.28","bucket":"163","time":1569411492660,"group":{"id":"ui.fonts","version":"1"},"event":{"state":true,"data":{"os":"Mac","created":1569411492662},"id":"UI.font.name[.SF_NS_Text]"}}
{"recorder_version":"21","session":"fe98d76c61e5","build":"192.6603.28","bucket":"163","time":1569411492660,"group":{"id":"ui.fonts","version":"1"},"event":{"state":true,"data":{"os":"Mac","created":1569411492662},"id":"Presentation.mode.font.size[24]"}}
{"recorder_version":"21","session":"fe98d76c61e5","build":"192.6603.28","bucket":"163","time":1569411492660,"group":{"id":"ui.fonts","version":"1"},"event":{"state":true,"data":{"created":1569411492662},"id":"invoked"}}
{"recorder_version":"21","session":"fe98d76c61e5","build":"192.6603.28","bucket":"163","time":1569411492660,"group":{"id":"user.advanced.info","version":"2"},"event":{"state":true,"data":{"created":1569411492663,"value":"release"},"id":"build"}}
{"recorder_version":"21","session":"fe98d76c61e5","build":"192.6603.28","bucket":"163","time":1569411492660,"group":{"id":"user.advanced.info","version":"2"},"event":{"state":true,"data":{"created":1569411492663},"id":"release"}}
{"recorder_version":"21","session":"fe98d76c61e5","build":"192.6603.28","bucket":"163","time":1569411492660,"group":{"id":"user.advanced.info","version":"2"},"event":{"state":true,"data":{"created":1569411492663},"id":"invoked"}}
{"recorder_version":"21","session":"fe98d76c61e5","build":"192.6603.28","bucket":"163","time":1569411492661,"group":{"id":"system.runtime","version":"2"},"event":{"state":true,"data":{"created":1569411492663,"name":"G1_Old_Generation"},"id":"garbage.collector"}}
{"recorder_version":"21","session":"fe98d76c61e5","build":"192.6603.28","bucket":"163","time":1569411492661,"group":{"id":"system.runtime","version":"2"},"event":{"state":true,"data":{"created":1569411492663,"name":"Xmx","value":512},"id":"jvm.option"}}
{"recorder_version":"21","session":"fe98d76c61e5","build":"192.6603.28","bucket":"163","time":1569411492661,"group":{"id":"system.runtime","version":"2"},"event":{"state":true,"data":{"vendor":"JetBrains","created":1569411492664,"bit":"64","version":"1.11"},"id":"jvm"}}
{"recorder_version":"21","session":"fe98d76c61e5","build":"192.6603.28","bucket":"163","time":1569411492661,"group":{"id":"system.runtime","version":"2"},"event":{"state":true,"data":{"created":1569411492664,"name":"G1_Young_Generation"},"id":"garbage.collector"}}
{"recorder_version":"21","session":"fe98d76c61e5","build":"192.6603.28","bucket":"163","time":1569411492661,"group":{"id":"system.runtime","version":"2"},"event":{"state":true,"data":{"created":1569411492664,"value":4},"id":"cores"}}
{"recorder_version":"21","session":"fe98d76c61e5","build":"192.6603.28","bucket":"163","time":1569411492661,"group":{"id":"system.runtime","version":"2"},"event":{"state":true,"data":{"created":1569411492664,"name":"Xms","value":256},"id":"jvm.option"}}
{"recorder_version":"21","session":"fe98d76c61e5","build":"192.6603.28","bucket":"163","time":1569411492661,"group":{"id":"system.runtime","version":"2"},"event":{"state":true,"data":{"created":1569411492664},"id":"invoked"}}
{"recorder_version":"21","session":"fe98d76c61e5","build":"192.6603.28","bucket":"163","time":1569411492671,"group":{"id":"editor.settings.ide","version":"2"},"event":{"state":true,"data":{"created":1569411492671,"enabled":true},"id":"completionHints"}}
{"recorder_version":"21","session":"fe98d76c61e5","build":"192.6603.28","bucket":"163","time":1569411492671,"group":{"id":"editor.settings.ide","version":"2"},"event":{"state":true,"data":{"created":1569411492672},"id":"invoked"}}
{"recorder_version":"21","session":"fe98d76c61e5","build":"192.6603.28","bucket":"163","time":1569411495814,"group":{"id":"performance","version":"21"},"event":{"count":1,"data":{"duration_ms":0,"created":1569411495814},"id":"ui.latency"}}
{"recorder_version":"21","session":"fe98d76c61e5","build":"192.6603.28","bucket":"163","time":1569411596047,"group":{"id":"performance","version":"21"},"event":{"count":1,"data":{"duration_ms":0,"created":1569411596047},"id":"ui.latency"}}
{"recorder_version":"21","session":"fe98d76c61e5","build":"192.6603.28","bucket":"163","time":1569411657133,"group":{"id":"lifecycle","version":"21"},"event":{"count":1,"data":{"created":1569411657134,"project":"400c8e693833343f8d7e77acd21b278fb600d9c5bec886b777f5c9298302bd62"},"id":"frame.activated"}}
{"recorder_version":"21","session":"fe98d76c61e5","build":"192.6603.28","bucket":"163","time":1569411663619,"group":{"id":"lifecycle","version":"21"},"event":{"count":1,"data":{"created":1569411663620,"project":"400c8e693833343f8d7e77acd21b278fb600d9c5bec886b777f5c9298302bd62"},"id":"frame.deactivated"}}
{"recorder_version":"21","session":"fe98d76c61e5","build":"192.6603.28","bucket":"163","time":1569411664360,"group":{"id":"performance","version":"21"},"event":{"count":1,"data":{"duration_ms":146,"created":1569411664360},"id":"ui.lagging"}}
{"recorder_version":"21","session":"fe98d76c61e5","build":"192.6603.28","bucket":"163","time":1569412885308,"group":{"id":"performance","version":"21"},"event":{"count":1,"data":{"duration_ms":1203035,"created":1569412885309},"id":"ui.latency"}}
{"recorder_version":"21","session":"fe98d76c61e5","build":"192.6603.28","bucket":"163","time":1569412885308,"group":{"id":"performance","version":"21"},"event":{"count":1,"data":{"duration_ms":1203035,"created":1569412885310},"id":"ui.lagging"}}
{"recorder_version":"21","session":"fe98d76c61e5","build":"192.6603.28","bucket":"163","time":1569412885308,"group":{"id":"performance","version":"21"},"event":{"count":1,"data":{"duration_ms":1202024,"created":1569412885313},"id":"ui.lagging"}}
{"recorder_version":"21","session":"fe98d76c61e5","build":"192.6603.28","bucket":"163","time":1569412885308,"group":{"id":"performance","version":"21"},"event":{"count":1,"data":{"duration_ms":1201022,"created":1569412885313},"id":"ui.lagging"}}
{"recorder_version":"21","session":"fe98d76c61e5","build":"192.6603.28","bucket":"163","time":1569412885308,"group":{"id":"performance","version":"21"},"event":{"count":1,"data":{"duration_ms":1290,"created":1569412885315},"id":"ui.lagging"}}
{"recorder_version":"21","session":"fe98d76c61e5","build":"192.6603.28","bucket":"163","time":1569412885308,"group":{"id":"performance","version":"21"},"event":{"count":1,"data":{"duration_ms":285,"created":1569412885316},"id":"ui.lagging"}}
{"recorder_version":"21","session":"fe98d76c61e5","build":"192.6603.28","bucket":"163","time":1569415264475,"group":{"id":"performance","version":"21"},"event":{"count":1,"data":{"duration_ms":2338295,"created":1569415264475},"id":"ui.latency"}}
{"recorder_version":"21","session":"fe98d76c61e5","build":"192.6603.28","bucket":"163","time":1569415264475,"group":{"id":"performance","version":"21"},"event":{"count":1,"data":{"duration_ms":2338295,"created":1569415264483},"id":"ui.lagging"}}
{"recorder_version":"21","session":"fe98d76c61e5","build":"192.6603.28","bucket":"163","time":1569415264475,"group":{"id":"performance","version":"21"},"event":{"count":1,"data":{"duration_ms":1470,"created":1569415264484},"id":"ui.lagging"}}
{"recorder_version":"21","session":"fe98d76c61e5","build":"192.6603.28","bucket":"163","time":1569415264475,"group":{"id":"performance","version":"21"},"event":{"count":1,"data":{"duration_ms":467,"created":1569415264484},"id":"ui.lagging"}}
{"recorder_version":"21","session":"fe98d76c61e5","build":"192.6603.28","bucket":"163","time":1569415268217,"group":{"id":"lifecycle","version":"21"},"event":{"count":1,"data":{"created":1569415268217,"project":"400c8e693833343f8d7e77acd21b278fb600d9c5bec886b777f5c9298302bd62"},"id":"frame.activated"}}
{"recorder_version":"21","session":"fe98d76c61e5","build":"192.6603.28","bucket":"163","time":1569415361394,"group":{"id":"productivity","version":"21"},"event":{"count":2,"data":{"last":1569415363525,"created":1569415361394,"plugin_type":"PLATFORM"},"id":"editing.select.word"}}
{"recorder_version":"21","session":"fe98d76c61e5","build":"192.6603.28","bucket":"163","time":1569415365117,"group":{"id":"performance","version":"21"},"event":{"count":1,"data":{"duration_ms":0,"created":1569415365117},"id":"ui.latency"}}
{"recorder_version":"21","session":"fe98d76c61e5","build":"192.6603.28","bucket":"163","time":1569415369580,"group":{"id":"lifecycle","version":"21"},"event":{"count":1,"data":{"created":1569415369581,"project":"400c8e693833343f8d7e77acd21b278fb600d9c5bec886b777f5c9298302bd62"},"id":"frame.deactivated"}}
{"recorder_version":"21","session":"fe98d76c61e5","build":"192.6603.28","bucket":"163","time":1569415370252,"group":{"id":"lifecycle","version":"21"},"event":{"count":1,"data":{"created":1569415370253,"project":"400c8e693833343f8d7e77acd21b278fb600d9c5bec886b777f5c9298302bd62"},"id":"frame.activated"}}
{"recorder_version":"21","session":"fe98d76c61e5","build":"192.6603.28","bucket":"163","time":1569415377853,"group":{"id":"lifecycle","version":"21"},"event":{"count":1,"data":{"created":1569415377854,"project":"400c8e693833343f8d7e77acd21b278fb600d9c5bec886b777f5c9298302bd62"},"id":"frame.deactivated"}}
{"recorder_version":"21","session":"fe98d76c61e5","build":"192.6603.28","bucket":"163","time":1569415378474,"group":{"id":"lifecycle","version":"21"},"event":{"count":1,"data":{"created":1569415378475,"project":"400c8e693833343f8d7e77acd21b278fb600d9c5bec886b777f5c9298302bd62"},"id":"frame.activated"}}
{"recorder_version":"21","session":"fe98d76c61e5","build":"192.6603.28","bucket":"163","time":1569415379643,"group":{"id":"lifecycle","version":"21"},"event":{"count":1,"data":{"created":1569415379650,"project":"400c8e693833343f8d7e77acd21b278fb600d9c5bec886b777f5c9298302bd62"},"id":"frame.deactivated"}}
{"recorder_version":"21","session":"fe98d76c61e5","build":"192.6603.28","bucket":"163","time":1569415465338,"group":{"id":"performance","version":"21"},"event":{"count":1,"data":{"duration_ms":1,"created":1569415465338},"id":"ui.latency"}}
{"recorder_version":"21","session":"fe98d76c61e5","build":"192.6603.28","bucket":"163","time":1569415468628,"group":{"id":"lifecycle","version":"21"},"event":{"count":1,"data":{"plugin":"Git4Idea","created":1569415468629,"plugin_type":"JB_BUNDLED","error":"java.lang.reflect.InvocationTargetException"},"id":"ide.error"}}
{"recorder_version":"21","session":"fe98d76c61e5","build":"192.6603.28","bucket":"163","time":1569415565922,"group":{"id":"performance","version":"21"},"event":{"count":1,"data":{"duration_ms":1,"created":1569415565922},"id":"ui.latency"}}
{"recorder_version":"21","session":"fe98d76c61e5","build":"192.6603.28","bucket":"163","time":1569415666198,"group":{"id":"performance","version":"21"},"event":{"count":1,"data":{"duration_ms":1,"created":1569415666198},"id":"ui.latency"}}
{"recorder_version":"21","session":"fe98d76c61e5","build":"192.6603.28","bucket":"163","time":1569415766436,"group":{"id":"performance","version":"21"},"event":{"count":1,"data":{"duration_ms":0,"created":1569415766436},"id":"ui.latency"}}
{"recorder_version":"21","session":"fe98d76c61e5","build":"192.6603.28","bucket":"163","time":1569415866673,"group":{"id":"performance","version":"21"},"event":{"count":1,"data":{"duration_ms":0,"created":1569415866673},"id":"ui.latency"}}
{"recorder_version":"21","session":"fe98d76c61e5","build":"192.6603.28","bucket":"163","time":1569415928814,"group":{"id":"run.dashboard","version":"1"},"event":{"state":true,"data":{"created":1569415928815,"project":"400c8e693833343f8d7e77acd21b278fb600d9c5bec886b777f5c9298302bd62","enabled":false},"id":"run.dashboard"}}
{"recorder_version":"21","session":"fe98d76c61e5","build":"192.6603.28","bucket":"163","time":1569415928815,"group":{"id":"run.dashboard","version":"1"},"event":{"state":true,"data":{"created":1569415928815,"project":"400c8e693833343f8d7e77acd21b278fb600d9c5bec886b777f5c9298302bd62"},"id":"invoked"}}
{"recorder_version":"21","session":"fe98d76c61e5","build":"192.6603.28","bucket":"163","time":1569415928815,"group":{"id":"java.compiler.settings.project","version":"1"},"event":{"state":true,"data":{"created":1569415928815,"project":"400c8e693833343f8d7e77acd21b278fb600d9c5bec886b777f5c9298302bd62","enabled":true},"id":"AUTO_SHOW_ERRORS_IN_EDITOR"}}
{"recorder_version":"21","session":"fe98d76c61e5","build":"192.6603.28","bucket":"163","time":1569415928815,"group":{"id":"java.compiler.settings.project","version":"1"},"event":{"state":true,"data":{"created":1569415928815,"project":"400c8e693833343f8d7e77acd21b278fb600d9c5bec886b777f5c9298302bd62","enabled":true},"id":"DISPLAY_NOTIFICATION_POPUP"}}
{"recorder_version":"21","session":"fe98d76c61e5","build":"192.6603.28","bucket":"163","time":1569415928815,"group":{"id":"java.compiler.settings.project","version":"1"},"event":{"state":true,"data":{"created":1569415928815,"project":"400c8e693833343f8d7e77acd21b278fb600d9c5bec886b777f5c9298302bd62","enabled":true},"id":"CLEAR_OUTPUT_DIRECTORY"}}
{"recorder_version":"21","session":"fe98d76c61e5","build":"192.6603.28","bucket":"163","time":1569415928815,"group":{"id":"java.compiler.settings.project","version":"1"},"event":{"state":true,"data":{"created":1569415928816,"project":"400c8e693833343f8d7e77acd21b278fb600d9c5bec886b777f5c9298302bd62","enabled":false},"id":"MAKE_PROJECT_ON_SAVE"}}
{"recorder_version":"21","session":"fe98d76c61e5","build":"192.6603.28","bucket":"163","time":1569415928815,"group":{"id":"java.compiler.settings.project","version":"1"},"event":{"state":true,"data":{"created":1569415928816,"project":"400c8e693833343f8d7e77acd21b278fb600d9c5bec886b777f5c9298302bd62","enabled":false},"id":"PARALLEL_COMPILATION"}}
{"recorder_version":"21","session":"fe98d76c61e5","build":"192.6603.28","bucket":"163","time":1569415928815,"group":{"id":"java.compiler.settings.project","version":"1"},"event":{"state":true,"data":{"created":1569415928816,"project":"400c8e693833343f8d7e77acd21b278fb600d9c5bec886b777f5c9298302bd62","enabled":true},"id":"REBUILD_ON_DEPENDENCY_CHANGE"}}
{"recorder_version":"21","session":"fe98d76c61e5","build":"192.6603.28","bucket":"163","time":1569415928815,"group":{"id":"java.compiler.settings.project","version":"1"},"event":{"state":true,"data":{"created":1569415928816,"project":"400c8e693833343f8d7e77acd21b278fb600d9c5bec886b777f5c9298302bd62","enabled":true},"id":"COMPILE_AFFECTED_UNLOADED_MODULES_BEFORE_COMMIT"}}
{"recorder_version":"21","session":"fe98d76c61e5","build":"192.6603.28","bucket":"163","time":1569415928815,"group":{"id":"java.compiler.settings.project","version":"1"},"event":{"state":true,"data":{"created":1569415928816,"project":"400c8e693833343f8d7e77acd21b278fb600d9c5bec886b777f5c9298302bd62"},"id":"invoked"}}
{"recorder_version":"21","session":"fe98d76c61e5","build":"192.6603.28","bucket":"163","time":1569415928859,"group":{"id":"file.types","version":"1"},"event":{"state":true,"data":{"plugin":"com.intellij.properties","created":1569415928859,"plugin_type":"JB_BUNDLED","project":"400c8e693833343f8d7e77acd21b278fb600d9c5bec886b777f5c9298302bd62"},"id":"Properties"}}
{"recorder_version":"21","session":"fe98d76c61e5","build":"192.6603.28","bucket":"163","time":1569415928859,"group":{"id":"file.types","version":"1"},"event":{"state":true,"data":{"created":1569415928860,"plugin_type":"PLATFORM","project":"400c8e693833343f8d7e77acd21b278fb600d9c5bec886b777f5c9298302bd62"},"id":"ARCHIVE"}}
{"recorder_version":"21","session":"fe98d76c61e5","build":"192.6603.28","bucket":"163","time":1569415928859,"group":{"id":"file.types","version":"1"},"event":{"state":true,"data":{"plugin":"com.jetbrains.sh","created":1569415928860,"plugin_type":"JB_BUNDLED","project":"400c8e693833343f8d7e77acd21b278fb600d9c5bec886b777f5c9298302bd62"},"id":"Shell_Script"}}
{"recorder_version":"21","session":"fe98d76c61e5","build":"192.6603.28","bucket":"163","time":1569415928859,"group":{"id":"file.types","version":"1"},"event":{"state":true,"data":{"plugin":"com.intellij.java","created":1569415928860,"plugin_type":"JB_BUNDLED","project":"400c8e693833343f8d7e77acd21b278fb600d9c5bec886b777f5c9298302bd62"},"id":"JAVA"}}
{"recorder_version":"21","session":"fe98d76c61e5","build":"192.6603.28","bucket":"163","time":1569415928859,"group":{"id":"file.types","version":"1"},"event":{"state":true,"data":{"plugin":"org.intellij.groovy","created":1569415928860,"plugin_type":"JB_BUNDLED","project":"400c8e693833343f8d7e77acd21b278fb600d9c5bec886b777f5c9298302bd62"},"id":"Groovy"}}
{"recorder_version":"21","session":"fe98d76c61e5","build":"192.6603.28","bucket":"163","time":1569415928859,"group":{"id":"file.types","version":"1"},"event":{"state":true,"data":{"plugin":"org.jetbrains.plugins.textmate","created":1569415928860,"plugin_type":"JB_BUNDLED","project":"400c8e693833343f8d7e77acd21b278fb600d9c5bec886b777f5c9298302bd62"},"id":"textmate"}}
{"recorder_version":"21","session":"fe98d76c61e5","build":"192.6603.28","bucket":"163","time":1569415928859,"group":{"id":"file.types","version":"1"},"event":{"state":true,"data":{"created":1569415928861,"project":"400c8e693833343f8d7e77acd21b278fb600d9c5bec886b777f5c9298302bd62"},"id":"invoked"}}
{"recorder_version":"21","session":"fe98d76c61e5","build":"192.6603.28","bucket":"163","time":1569415933565,"group":{"id":"javaLibraryJars","version":"1"},"event":{"state":true,"data":{"created":1569415933565,"project":"400c8e693833343f8d7e77acd21b278fb600d9c5bec886b777f5c9298302bd62"},"id":"invoked"}}
{"recorder_version":"21","session":"fe98d76c61e5","build":"192.6603.28","bucket":"163","time":1569415933571,"group":{"id":"project.structure","version":"2"},"event":{"state":true,"data":{"created":1569415933571,"count":0,"project":"400c8e693833343f8d7e77acd21b278fb600d9c5bec886b777f5c9298302bd62"},"id":"package.prefix"}}
{"recorder_version":"21","session":"fe98d76c61e5","build":"192.6603.28","bucket":"163","time":1569415933571,"group":{"id":"project.structure","version":"2"},"event":{"state":true,"data":{"created":1569415933571,"count":4,"project":"400c8e693833343f8d7e77acd21b278fb600d9c5bec886b777f5c9298302bd62"},"id":"source.roots.total"}}
{"recorder_version":"21","session":"fe98d76c61e5","build":"192.6603.28","bucket":"163","time":1569415933571,"group":{"id":"project.structure","version":"2"},"event":{"state":true,"data":{"created":1569415933572,"count":3,"project":"400c8e693833343f8d7e77acd21b278fb600d9c5bec886b777f5c9298302bd62"},"id":"modules.total"}}
{"recorder_version":"21","session":"fe98d76c61e5","build":"192.6603.28","bucket":"163","time":1569415933571,"group":{"id":"project.structure","version":"2"},"event":{"state":true,"data":{"created":1569415933572,"count":3,"project":"400c8e693833343f8d7e77acd21b278fb600d9c5bec886b777f5c9298302bd62"},"id":"content.roots.total"}}
{"recorder_version":"21","session":"fe98d76c61e5","build":"192.6603.28","bucket":"163","time":1569415933571,"group":{"id":"project.structure","version":"2"},"event":{"state":true,"data":{"created":1569415933572,"count":1,"project":"400c8e693833343f8d7e77acd21b278fb600d9c5bec886b777f5c9298302bd62","type":"java-test"},"id":"source.root"}}
{"recorder_version":"21","session":"fe98d76c61e5","build":"192.6603.28","bucket":"163","time":1569415933571,"group":{"id":"project.structure","version":"2"},"event":{"state":true,"data":{"created":1569415933572,"count":1,"project":"400c8e693833343f8d7e77acd21b278fb600d9c5bec886b777f5c9298302bd62","type":"java-test-resource"},"id":"source.root"}}
{"recorder_version":"21","session":"fe98d76c61e5","build":"192.6603.28","bucket":"163","time":1569415933571,"group":{"id":"project.structure","version":"2"},"event":{"state":true,"data":{"created":1569415933572,"count":1,"project":"400c8e693833343f8d7e77acd21b278fb600d9c5bec886b777f5c9298302bd62"},"id":"excluded.roots.total"}}
{"recorder_version":"21","session":"fe98d76c61e5","build":"192.6603.28","bucket":"163","time":1569415933571,"group":{"id":"project.structure","version":"2"},"event":{"state":true,"data":{"created":1569415933572,"count":1,"project":"400c8e693833343f8d7e77acd21b278fb600d9c5bec886b777f5c9298302bd62","type":"java-source"},"id":"source.root"}}
{"recorder_version":"21","session":"fe98d76c61e5","build":"192.6603.28","bucket":"163","time":1569415933571,"group":{"id":"project.structure","version":"2"},"event":{"state":true,"data":{"created":1569415933573,"count":1,"project":"400c8e693833343f8d7e77acd21b278fb600d9c5bec886b777f5c9298302bd62","type":"java-resource"},"id":"source.root"}}
{"recorder_version":"21","session":"fe98d76c61e5","build":"192.6603.28","bucket":"163","time":1569415933571,"group":{"id":"project.structure","version":"2"},"event":{"state":true,"data":{"created":1569415933573,"project":"400c8e693833343f8d7e77acd21b278fb600d9c5bec886b777f5c9298302bd62"},"id":"invoked"}}
{"recorder_version":"21","session":"fe98d76c61e5","build":"192.6603.28","bucket":"163","time":1569415933571,"group":{"id":"module.facets","version":"2"},"event":{"state":true,"data":{"created":1569415933573,"project":"400c8e693833343f8d7e77acd21b278fb600d9c5bec886b777f5c9298302bd62"},"id":"invoked"}}
{"recorder_version":"21","session":"fe98d76c61e5","build":"192.6603.28","bucket":"163","time":1569415933581,"group":{"id":"git.configuration","version":"2"},"event":{"state":true,"data":{"created":1569415933581,"remote_bitbucket":1,"project":"400c8e693833343f8d7e77acd21b278fb600d9c5bec886b777f5c9298302bd62","remotes":1,"remote_branches":1,"local_branches":1},"id":"repository"}}
{"recorder_version":"21","session":"fe98d76c61e5","build":"192.6603.28","bucket":"163","time":1569415933581,"group":{"id":"git.configuration","version":"2"},"event":{"state":true,"data":{"created":1569415933581,"project":"400c8e693833343f8d7e77acd21b278fb600d9c5bec886b777f5c9298302bd62","type":"UNIX","version":"2.19.0"},"id":"executable"}}
{"recorder_version":"21","session":"fe98d76c61e5","build":"192.6603.28","bucket":"163","time":1569415933581,"group":{"id":"git.configuration","version":"2"},"event":{"state":true,"data":{"created":1569415933581,"project":"400c8e693833343f8d7e77acd21b278fb600d9c5bec886b777f5c9298302bd62"},"id":"invoked"}}
{"recorder_version":"21","session":"fe98d76c61e5","build":"192.6603.28","bucket":"163","time":1569415933582,"group":{"id":"build.tools.state","version":"1"},"event":{"state":true,"data":{"created":1569415933582,"count":1,"externalSystemId":"Gradle","project":"400c8e693833343f8d7e77acd21b278fb600d9c5bec886b777f5c9298302bd62"},"id":"numberOfLinkedProject"}}
{"recorder_version":"21","session":"fe98d76c61e5","build":"192.6603.28","bucket":"163","time":1569415933582,"group":{"id":"build.tools.state","version":"1"},"event":{"state":true,"data":{"created":1569415933582,"externalSystemId":"Gradle","project":"400c8e693833343f8d7e77acd21b278fb600d9c5bec886b777f5c9298302bd62","enabled":false},"id":"autoImport"}}
{"recorder_version":"21","session":"fe98d76c61e5","build":"192.6603.28","bucket":"163","time":1569415933582,"group":{"id":"build.tools.state","version":"1"},"event":{"state":true,"data":{"created":1569415933583,"externalSystemId":"Gradle","project":"400c8e693833343f8d7e77acd21b278fb600d9c5bec886b777f5c9298302bd62","enabled":true},"id":"useQualifiedModuleNames"}}
{"recorder_version":"21","session":"fe98d76c61e5","build":"192.6603.28","bucket":"163","time":1569415933582,"group":{"id":"build.tools.state","version":"1"},"event":{"state":true,"data":{"created":1569415933583,"count":1,"externalSystemId":"Gradle","project":"400c8e693833343f8d7e77acd21b278fb600d9c5bec886b777f5c9298302bd62"},"id":"modules.count"}}
{"recorder_version":"21","session":"fe98d76c61e5","build":"192.6603.28","bucket":"163","time":1569415933582,"group":{"id":"build.tools.state","version":"1"},"event":{"state":true,"data":{"created":1569415933583,"project":"400c8e693833343f8d7e77acd21b278fb600d9c5bec886b777f5c9298302bd62"},"id":"invoked"}}
{"recorder_version":"21","session":"fe98d76c61e5","build":"192.6603.28","bucket":"163","time":1569415933584,"group":{"id":"vcs.log.ui","version":"2"},"event":{"state":true,"data":{"created":1569415933585,"count":0,"project":"400c8e693833343f8d7e77acd21b278fb600d9c5bec886b777f5c9298302bd62"},"id":"additionalTabs"}}
{"recorder_version":"21","session":"fe98d76c61e5","build":"192.6603.28","bucket":"163","time":1569415933584,"group":{"id":"vcs.log.ui","version":"2"},"event":{"state":true,"data":{"created":1569415933585,"project":"400c8e693833343f8d7e77acd21b278fb600d9c5bec886b777f5c9298302bd62"},"id":"uiInitialized"}}
{"recorder_version":"21","session":"fe98d76c61e5","build":"192.6603.28","bucket":"163","time":1569415933584,"group":{"id":"vcs.log.ui","version":"2"},"event":{"state":true,"data":{"created":1569415933585,"project":"400c8e693833343f8d7e77acd21b278fb600d9c5bec886b777f5c9298302bd62"},"id":"invoked"}}
{"recorder_version":"21","session":"fe98d76c61e5","build":"192.6603.28","bucket":"163","time":1569415933588,"group":{"id":"debugger.breakpoints","version":"2"},"event":{"state":true,"data":{"created":1569415933588,"count":0,"project":"400c8e693833343f8d7e77acd21b278fb600d9c5bec886b777f5c9298302bd62"},"id":"total"}}
{"recorder_version":"21","session":"fe98d76c61e5","build":"192.6603.28","bucket":"163","time":1569415933588,"group":{"id":"debugger.breakpoints","version":"2"},"event":{"state":true,"data":{"created":1569415933588,"count":0,"project":"400c8e693833343f8d7e77acd21b278fb600d9c5bec886b777f5c9298302bd62"},"id":"total.disabled"}}
{"recorder_version":"21","session":"fe98d76c61e5","build":"192.6603.28","bucket":"163","time":1569415933588,"group":{"id":"debugger.breakpoints","version":"2"},"event":{"state":true,"data":{"created":1569415933588,"count":0,"project":"400c8e693833343f8d7e77acd21b278fb600d9c5bec886b777f5c9298302bd62"},"id":"total.non.suspending"}}
{"recorder_version":"21","session":"fe98d76c61e5","build":"192.6603.28","bucket":"163","time":1569415933588,"group":{"id":"debugger.breakpoints","version":"2"},"event":{"state":true,"data":{"created":1569415933588,"project":"400c8e693833343f8d7e77acd21b278fb600d9c5bec886b777f5c9298302bd62"},"id":"invoked"}}
{"recorder_version":"21","session":"fe98d76c61e5","build":"192.6603.28","bucket":"163","time":1569415933666,"group":{"id":"svn.configuration","version":"1"},"event":{"state":true,"data":{"created":1569415933666,"project":"400c8e693833343f8d7e77acd21b278fb600d9c5bec886b777f5c9298302bd62"},"id":"invoked"}}
{"recorder_version":"21","session":"fe98d76c61e5","build":"192.6603.28","bucket":"163","time":1569415933666,"group":{"id":"build.ant.state","version":"1"},"event":{"state":true,"data":{"created":1569415933666,"project":"400c8e693833343f8d7e77acd21b278fb600d9c5bec886b777f5c9298302bd62"},"id":"invoked"}}
{"recorder_version":"21","session":"fe98d76c61e5","build":"192.6603.28","bucket":"163","time":1569415933667,"group":{"id":"vcs.log.index.project","version":"2"},"event":{"state":true,"data":{"created":1569415933667,"count":0,"project":"400c8e693833343f8d7e77acd21b278fb600d9c5bec886b777f5c9298302bd62"},"id":"indexing.time.minutes"}}
{"recorder_version":"21","session":"fe98d76c61e5","build":"192.6603.28","bucket":"163","time":1569415933667,"group":{"id":"vcs.log.index.project","version":"2"},"event":{"state":true,"data":{"created":1569415933667,"project":"400c8e693833343f8d7e77acd21b278fb600d9c5bec886b777f5c9298302bd62"},"id":"invoked"}}
{"recorder_version":"21","session":"fe98d76c61e5","build":"192.6603.28","bucket":"163","time":1569415933667,"group":{"id":"build.maven.state","version":"1"},"event":{"state":true,"data":{"created":1569415933667,"project":"400c8e693833343f8d7e77acd21b278fb600d9c5bec886b777f5c9298302bd62"},"id":"invoked"}}
{"recorder_version":"21","session":"fe98d76c61e5","build":"192.6603.28","bucket":"163","time":1569415933667,"group":{"id":"editor.settings.project","version":"2"},"event":{"state":true,"data":{"created":1569415933667,"project":"400c8e693833343f8d7e77acd21b278fb600d9c5bec886b777f5c9298302bd62"},"id":"invoked"}}
{"recorder_version":"21","session":"fe98d76c61e5","build":"192.6603.28","bucket":"163","time":1569415933709,"group":{"id":"build.gradle.state","version":"1"},"event":{"state":true,"data":{"created":1569415933709,"project":"400c8e693833343f8d7e77acd21b278fb600d9c5bec886b777f5c9298302bd62","enabled":true},"id":"hasGradleProject"}}
{"recorder_version":"21","session":"fe98d76c61e5","build":"192.6603.28","bucket":"163","time":1569415933709,"group":{"id":"build.gradle.state","version":"1"},"event":{"state":true,"data":{"created":1569415933709,"project":"400c8e693833343f8d7e77acd21b278fb600d9c5bec886b777f5c9298302bd62","enabled":false},"id":"offlineWork"}}
{"recorder_version":"21","session":"fe98d76c61e5","build":"192.6603.28","bucket":"163","time":1569415933709,"group":{"id":"build.gradle.state","version":"1"},"event":{"state":true,"data":{"created":1569415933709,"project":"400c8e693833343f8d7e77acd21b278fb600d9c5bec886b777f5c9298302bd62","enabled":false},"id":"hasCustomServiceDirectoryPath"}}
{"recorder_version":"21","session":"fe98d76c61e5","build":"192.6603.28","bucket":"163","time":1569415933709,"group":{"id":"build.gradle.state","version":"1"},"event":{"state":true,"data":{"created":1569415933709,"project":"400c8e693833343f8d7e77acd21b278fb600d9c5bec886b777f5c9298302bd62","enabled":false},"id":"hasCustomGradleVmOptions"}}
{"recorder_version":"21","session":"fe98d76c61e5","build":"192.6603.28","bucket":"163","time":1569415933709,"group":{"id":"build.gradle.state","version":"1"},"event":{"state":true,"data":{"created":1569415933710,"project":"400c8e693833343f8d7e77acd21b278fb600d9c5bec886b777f5c9298302bd62","enabled":false},"id":"showSelectiveImportDialogOnInitialImport"}}
{"recorder_version":"21","session":"fe98d76c61e5","build":"192.6603.28","bucket":"163","time":1569415933709,"group":{"id":"build.gradle.state","version":"1"},"event":{"state":true,"data":{"created":1569415933710,"project":"400c8e693833343f8d7e77acd21b278fb600d9c5bec886b777f5c9298302bd62","enabled":true},"id":"storeProjectFilesExternally"}}
{"recorder_version":"21","session":"fe98d76c61e5","build":"192.6603.28","bucket":"163","time":1569415933709,"group":{"id":"build.gradle.state","version":"1"},"event":{"state":true,"data":{"created":1569415933710,"project":"400c8e693833343f8d7e77acd21b278fb600d9c5bec886b777f5c9298302bd62","enabled":true},"id":"isUseQualifiedModuleNames"}}
{"recorder_version":"21","session":"fe98d76c61e5","build":"192.6603.28","bucket":"163","time":1569415933709,"group":{"id":"build.gradle.state","version":"1"},"event":{"state":true,"data":{"created":1569415933710,"project":"400c8e693833343f8d7e77acd21b278fb600d9c5bec886b777f5c9298302bd62","enabled":true},"id":"createModulePerSourceSet"}}
{"recorder_version":"21","session":"fe98d76c61e5","build":"192.6603.28","bucket":"163","time":1569415933709,"group":{"id":"build.gradle.state","version":"1"},"event":{"state":true,"data":{"created":1569415933710,"project":"400c8e693833343f8d7e77acd21b278fb600d9c5bec886b777f5c9298302bd62","value":"default_wrapped"},"id":"distributionType"}}
{"recorder_version":"21","session":"fe98d76c61e5","build":"192.6603.28","bucket":"163","time":1569415933709,"group":{"id":"build.gradle.state","version":"1"},"event":{"state":true,"data":{"created":1569415933710,"project":"400c8e693833343f8d7e77acd21b278fb600d9c5bec886b777f5c9298302bd62","enabled":false},"id":"isCompositeBuilds"}}
{"recorder_version":"21","session":"fe98d76c61e5","build":"192.6603.28","bucket":"163","time":1569415933709,"group":{"id":"build.gradle.state","version":"1"},"event":{"state":true,"data":{"created":1569415933710,"project":"400c8e693833343f8d7e77acd21b278fb600d9c5bec886b777f5c9298302bd62","enabled":false},"id":"disableWrapperSourceDistributionNotification"}}
{"recorder_version":"21","session":"fe98d76c61e5","build":"192.6603.28","bucket":"163","time":1569415933709,"group":{"id":"build.gradle.state","version":"1"},"event":{"state":true,"data":{"created":1569415933710,"project":"400c8e693833343f8d7e77acd21b278fb600d9c5bec886b777f5c9298302bd62","value":"custom"},"id":"gradleJvmType"}}
{"recorder_version":"21","session":"fe98d76c61e5","build":"192.6603.28","bucket":"163","time":1569415933709,"group":{"id":"build.gradle.state","version":"1"},"event":{"state":true,"data":{"created":1569415933711,"project":"400c8e693833343f8d7e77acd21b278fb600d9c5bec886b777f5c9298302bd62","value":"unknown"},"id":"gradleJvmVersion"}}
{"recorder_version":"21","session":"fe98d76c61e5","build":"192.6603.28","bucket":"163","time":1569415933709,"group":{"id":"build.gradle.state","version":"1"},"event":{"state":true,"data":{"created":1569415933711,"project":"400c8e693833343f8d7e77acd21b278fb600d9c5bec886b777f5c9298302bd62","value":"5.2.1"},"id":"gradleVersion"}}
{"recorder_version":"21","session":"fe98d76c61e5","build":"192.6603.28","bucket":"163","time":1569415933709,"group":{"id":"build.gradle.state","version":"1"},"event":{"state":true,"data":{"created":1569415933711,"project":"400c8e693833343f8d7e77acd21b278fb600d9c5bec886b777f5c9298302bd62","enabled":true},"id":"delegateBuildRun"}}
{"recorder_version":"21","session":"fe98d76c61e5","build":"192.6603.28","bucket":"163","time":1569415933709,"group":{"id":"build.gradle.state","version":"1"},"event":{"state":true,"data":{"created":1569415933711,"project":"400c8e693833343f8d7e77acd21b278fb600d9c5bec886b777f5c9298302bd62","value":"gradle"},"id":"preferredTestRunner"}}
{"recorder_version":"21","session":"fe98d76c61e5","build":"192.6603.28","bucket":"163","time":1569415933709,"group":{"id":"build.gradle.state","version":"1"},"event":{"state":true,"data":{"created":1569415933711,"project":"400c8e693833343f8d7e77acd21b278fb600d9c5bec886b777f5c9298302bd62"},"id":"invoked"}}
{"recorder_version":"21","session":"fe98d76c61e5","build":"192.6603.28","bucket":"163","time":1569415933716,"group":{"id":"vcs.settings","version":"2"},"event":{"state":true,"data":{"created":1569415933716,"project":"400c8e693833343f8d7e77acd21b278fb600d9c5bec886b777f5c9298302bd62"},"id":"invoked"}}
{"recorder_version":"21","session":"fe98d76c61e5","build":"192.6603.28","bucket":"163","time":1569415933717,"group":{"id":"run.configuration.type","version":"4"},"event":{"state":true,"data":{"created":1569415933717,"project":"400c8e693833343f8d7e77acd21b278fb600d9c5bec886b777f5c9298302bd62"},"id":"invoked"}}
{"recorder_version":"21","session":"fe98d76c61e5","build":"192.6603.28","bucket":"163","time":1569415933719,"group":{"id":"vcs.configuration","version":"2"},"event":{"state":true,"data":{"created":1569415933719,"count":0,"project":"400c8e693833343f8d7e77acd21b278fb600d9c5bec886b777f5c9298302bd62"},"id":"ignored.files"}}
{"recorder_version":"21","session":"fe98d76c61e5","build":"192.6603.28","bucket":"163","time":1569415933719,"group":{"id":"vcs.configuration","version":"2"},"event":{"state":true,"data":{"created":1569415933719,"count":1,"project":"400c8e693833343f8d7e77acd21b278fb600d9c5bec886b777f5c9298302bd62"},"id":"mapped.roots"}}
{"recorder_version":"21","session":"fe98d76c61e5","build":"192.6603.28","bucket":"163","time":1569415933719,"group":{"id":"vcs.configuration","version":"2"},"event":{"state":true,"data":{"plugin":"Git4Idea","created":1569415933719,"vcs":"Git","plugin_type":"JB_BUNDLED","project":"400c8e693833343f8d7e77acd21b278fb600d9c5bec886b777f5c9298302bd62"},"id":"active.vcs"}}
{"recorder_version":"21","session":"fe98d76c61e5","build":"192.6603.28","bucket":"163","time":1569415933719,"group":{"id":"vcs.configuration","version":"2"},"event":{"state":true,"data":{"created":1569415933719,"count":0,"project":"400c8e693833343f8d7e77acd21b278fb600d9c5bec886b777f5c9298302bd62"},"id":"unversioned.files"}}
{"recorder_version":"21","session":"fe98d76c61e5","build":"192.6603.28","bucket":"163","time":1569415933719,"group":{"id":"vcs.configuration","version":"2"},"event":{"state":true,"data":{"plugin":"Git4Idea","is_project_mapping":false,"created":1569415933719,"vcs":"Git","plugin_type":"JB_BUNDLED","project":"400c8e693833343f8d7e77acd21b278fb600d9c5bec886b777f5c9298302bd62","is_base_dir":false},"id":"mapping"}}
{"recorder_version":"21","session":"fe98d76c61e5","build":"192.6603.28","bucket":"163","time":1569415933719,"group":{"id":"vcs.configuration","version":"2"},"event":{"state":true,"data":{"created":1569415933720,"count":1,"project":"400c8e693833343f8d7e77acd21b278fb600d9c5bec886b777f5c9298302bd62"},"id":"changelists"}}
{"recorder_version":"21","session":"fe98d76c61e5","build":"192.6603.28","bucket":"163","time":1569415933719,"group":{"id":"vcs.configuration","version":"2"},"event":{"state":true,"data":{"created":1569415933720,"project":"400c8e693833343f8d7e77acd21b278fb600d9c5bec886b777f5c9298302bd62"},"id":"invoked"}}
{"recorder_version":"21","session":"fe98d76c61e5","build":"192.6603.28","bucket":"163","time":1569415933719,"group":{"id":"build.tools","version":"1"},"event":{"state":true,"data":{"created":1569415933720,"project":"400c8e693833343f8d7e77acd21b278fb600d9c5bec886b777f5c9298302bd62","value":"Gradle"},"id":"externalSystemId"}}
{"recorder_version":"21","session":"fe98d76c61e5","build":"192.6603.28","bucket":"163","time":1569415933719,"group":{"id":"build.tools","version":"1"},"event":{"state":true,"data":{"created":1569415933720,"project":"400c8e693833343f8d7e77acd21b278fb600d9c5bec886b777f5c9298302bd62"},"id":"invoked"}}
{"recorder_version":"21","session":"fe98d76c61e5","build":"192.6603.28","bucket":"163","time":1569415933721,"group":{"id":"inspections","version":"1"},"event":{"state":true,"data":{"created":1569415933721,"project":"400c8e693833343f8d7e77acd21b278fb600d9c5bec886b777f5c9298302bd62"},"id":"invoked"}}
{"recorder_version":"21","session":"fe98d76c61e5","build":"192.6603.28","bucket":"163","time":1569415933722,"group":{"id":"vcs.log.data","version":"2"},"event":{"state":true,"data":{"created":1569415933722,"project":"400c8e693833343f8d7e77acd21b278fb600d9c5bec886b777f5c9298302bd62"},"id":"dataInitialized"}}
{"recorder_version":"21","session":"fe98d76c61e5","build":"192.6603.28","bucket":"163","time":1569415933722,"group":{"id":"vcs.log.data","version":"2"},"event":{"state":true,"data":{"created":1569415933722,"count":2,"project":"400c8e693833343f8d7e77acd21b278fb600d9c5bec886b777f5c9298302bd62"},"id":"users.count"}}
{"recorder_version":"21","session":"fe98d76c61e5","build":"192.6603.28","bucket":"163","time":1569415933722,"group":{"id":"vcs.log.data","version":"2"},"event":{"state":true,"data":{"created":1569415933722,"count":7,"project":"400c8e693833343f8d7e77acd21b278fb600d9c5bec886b777f5c9298302bd62"},"id":"commit.count"}}
{"recorder_version":"21","session":"fe98d76c61e5","build":"192.6603.28","bucket":"163","time":1569415933722,"group":{"id":"vcs.log.data","version":"2"},"event":{"state":true,"data":{"created":1569415933722,"vcs":"git","count":1,"project":"400c8e693833343f8d7e77acd21b278fb600d9c5bec886b777f5c9298302bd62"},"id":"root.count"}}
{"recorder_version":"21","session":"fe98d76c61e5","build":"192.6603.28","bucket":"163","time":1569415933722,"group":{"id":"vcs.log.data","version":"2"},"event":{"state":true,"data":{"created":1569415933722,"count":3,"project":"400c8e693833343f8d7e77acd21b278fb600d9c5bec886b777f5c9298302bd62"},"id":"branches.count"}}
{"recorder_version":"21","session":"fe98d76c61e5","build":"192.6603.28","bucket":"163","time":1569415933722,"group":{"id":"vcs.log.data","version":"2"},"event":{"state":true,"data":{"created":1569415933722,"project":"400c8e693833343f8d7e77acd21b278fb600d9c5bec886b777f5c9298302bd62"},"id":"invoked"}}
{"recorder_version":"21","session":"fe98d76c61e5","build":"192.6603.28","bucket":"163","time":1569415966926,"group":{"id":"performance","version":"21"},"event":{"count":1,"data":{"duration_ms":0,"created":1569415966926},"id":"ui.latency"}}
{"recorder_version":"21","session":"fe98d76c61e5","build":"192.6603.28","bucket":"163","time":1569416067153,"group":{"id":"performance","version":"21"},"event":{"count":1,"data":{"duration_ms":0,"created":1569416067153},"id":"ui.latency"}}
{"recorder_version":"21","session":"fe98d76c61e5","build":"192.6603.28","bucket":"163","time":1569416167393,"group":{"id":"performance","version":"21"},"event":{"count":1,"data":{"duration_ms":0,"created":1569416167393},"id":"ui.latency"}}
{"recorder_version":"21","session":"fe98d76c61e5","build":"192.6603.28","bucket":"163","time":1569416268249,"group":{"id":"performance","version":"21"},"event":{"count":1,"data":{"duration_ms":0,"created":1569416268249},"id":"ui.latency"}}
{"recorder_version":"21","session":"fe98d76c61e5","build":"192.6603.28","bucket":"163","time":1569416368508,"group":{"id":"performance","version":"21"},"event":{"count":1,"data":{"duration_ms":0,"created":1569416368509},"id":"ui.latency"}}
{"recorder_version":"21","session":"fe98d76c61e5","build":"192.6603.28","bucket":"163","time":1569416468763,"group":{"id":"performance","version":"21"},"event":{"count":1,"data":{"duration_ms":0,"created":1569416468763},"id":"ui.latency"}}
{"recorder_version":"21","session":"fe98d76c61e5","build":"192.6603.28","bucket":"163","time":1569416569026,"group":{"id":"performance","version":"21"},"event":{"count":1,"data":{"duration_ms":0,"created":1569416569026},"id":"ui.latency"}}
{"recorder_version":"21","session":"fe98d76c61e5","build":"192.6603.28","bucket":"163","time":1569416669282,"group":{"id":"performance","version":"21"},"event":{"count":1,"data":{"duration_ms":0,"created":1569416669282},"id":"ui.latency"}}
{"recorder_version":"21","session":"fe98d76c61e5","build":"192.6603.28","bucket":"163","time":1569416769531,"group":{"id":"performance","version":"21"},"event":{"count":1,"data":{"duration_ms":0,"created":1569416769532},"id":"ui.latency"}}
{"recorder_version":"21","session":"fe98d76c61e5","build":"192.6603.28","bucket":"163","time":1569416869806,"group":{"id":"performance","version":"21"},"event":{"count":1,"data":{"duration_ms":0,"created":1569416869806},"id":"ui.latency"}}
{"recorder_version":"21","session":"fe98d76c61e5","build":"192.6603.28","bucket":"163","time":1569416970078,"group":{"id":"performance","version":"21"},"event":{"count":1,"data":{"duration_ms":0,"created":1569416970078},"id":"ui.latency"}}
{"recorder_version":"21","session":"fe98d76c61e5","build":"192.6603.28","bucket":"163","time":1569417070371,"group":{"id":"performance","version":"21"},"event":{"count":1,"data":{"duration_ms":0,"created":1569417070371},"id":"ui.latency"}}
{"recorder_version":"21","session":"fe98d76c61e5","build":"192.6603.28","bucket":"163","time":1569417125366,"group":{"id":"lifecycle","version":"21"},"event":{"count":1,"data":{"created":1569417125367,"project":"400c8e693833343f8d7e77acd21b278fb600d9c5bec886b777f5c9298302bd62"},"id":"frame.activated"}}
