{"recorder_version":"21","session":"6f71f8e77144","build":"192.6603.28","bucket":"163","time":1569846415837,"group":{"id":"settings","version":"4"},"event":{"state":true,"data":{"component":"NotRoamableUiSettings","created":1569846415969},"id":"invoked"}}
{"recorder_version":"21","session":"6f71f8e77144","build":"192.6603.28","bucket":"163","time":1569846415838,"group":{"id":"system.java","version":"1"},"event":{"state":true,"data":{"created":1569846415971,"version":"1.11"},"id":"JetBrains"}}
{"recorder_version":"21","session":"6f71f8e77144","build":"192.6603.28","bucket":"163","time":1569846415838,"group":{"id":"system.java","version":"1"},"event":{"state":true,"data":{"created":1569846415979},"id":"invoked"}}
{"recorder_version":"21","session":"6f71f8e77144","build":"192.6603.28","bucket":"163","time":1569846415840,"group":{"id":"settings","version":"4"},"event":{"state":true,"data":{"component":"UISettings","created":1569846415980},"id":"invoked"}}
{"recorder_version":"21","session":"6f71f8e77144","build":"192.6603.28","bucket":"163","time":1569846415860,"group":{"id":"system.os","version":"3"},"event":{"state":true,"data":{"created":1569846415982,"version":"10.14"},"id":"Mac"}}
{"recorder_version":"21","session":"6f71f8e77144","build":"192.6603.28","bucket":"163","time":1569846415860,"group":{"id":"system.os","version":"3"},"event":{"state":true,"data":{"created":1569846415983,"name":"Mac","version":"10.14"},"id":"os.name"}}
{"recorder_version":"21","session":"6f71f8e77144","build":"192.6603.28","bucket":"163","time":1569846415860,"group":{"id":"system.os","version":"3"},"event":{"state":true,"data":{"created":1569846415984,"value":"+05_30"},"id":"os.timezone"}}
{"recorder_version":"21","session":"6f71f8e77144","build":"192.6603.28","bucket":"163","time":1569846415860,"group":{"id":"system.os","version":"3"},"event":{"state":true,"data":{"created":1569846415985},"id":"invoked"}}
{"recorder_version":"21","session":"6f71f8e77144","build":"192.6603.28","bucket":"163","time":1569846415969,"group":{"id":"event.log","version":"21"},"event":{"count":1,"data":{"created":1569846415986,"version":"798.0"},"id":"whitelist.loaded"}}
{"recorder_version":"21","session":"6f71f8e77144","build":"192.6603.28","bucket":"163","time":1569846417989,"group":{"id":"settings","version":"4"},"event":{"state":true,"data":{"component":"UpdatesConfigurable","created":1569846417989,"name":"checkNeeded","type":"bool","value":false},"id":"not.default"}}
{"recorder_version":"21","session":"6f71f8e77144","build":"192.6603.28","bucket":"163","time":1569846417989,"group":{"id":"settings","version":"4"},"event":{"state":true,"data":{"component":"UpdatesConfigurable","created":1569846417990},"id":"invoked"}}
{"recorder_version":"21","session":"6f71f8e77144","build":"192.6603.28","bucket":"163","time":1569846418259,"group":{"id":"settings","version":"4"},"event":{"state":true,"data":{"component":"GeneralSettings","created":1569846418259},"id":"invoked"}}
{"recorder_version":"21","session":"6f71f8e77144","build":"192.6603.28","bucket":"163","time":1569846418264,"group":{"id":"lifecycle","version":"21"},"event":{"count":1,"data":{"internal":true,"eap":false,"created":1569846418264},"id":"ide.start"}}
{"recorder_version":"21","session":"6f71f8e77144","build":"192.6603.28","bucket":"163","time":1569846418907,"group":{"id":"performance","version":"21"},"event":{"count":1,"data":{"duration_ms":583,"created":1569846418907},"id":"ui.latency"}}
{"recorder_version":"21","session":"6f71f8e77144","build":"192.6603.28","bucket":"163","time":1569846418907,"group":{"id":"performance","version":"21"},"event":{"count":1,"data":{"duration_ms":583,"created":1569846418907},"id":"ui.lagging"}}
{"recorder_version":"21","session":"6f71f8e77144","build":"192.6603.28","bucket":"163","time":1569846419429,"group":{"id":"ui.dialogs","version":"21"},"event":{"count":1,"data":{"created":1569846419429,"plugin_type":"PLATFORM","type":"show"},"id":"com.intellij.openapi.progress.util.ProgressDialog$MyDialogWrapper"}}
{"recorder_version":"21","session":"6f71f8e77144","build":"192.6603.28","bucket":"163","time":1569846421860,"group":{"id":"lifecycle","version":"21"},"event":{"count":1,"data":{"created":1569846421860,"project":"400c8e693833343f8d7e77acd21b278fb600d9c5bec886b777f5c9298302bd62"},"id":"project.opened"}}
{"recorder_version":"21","session":"6f71f8e77144","build":"192.6603.28","bucket":"163","time":1569846422620,"group":{"id":"performance","version":"21"},"event":{"count":1,"data":{"duration_ms":287,"created":1569846422621},"id":"ui.lagging"}}
{"recorder_version":"21","session":"6f71f8e77144","build":"192.6603.28","bucket":"163","time":1569846424059,"group":{"id":"settings","version":"4"},"event":{"state":true,"data":{"component":"XmlEditorOptions","created":1569846424059},"id":"invoked"}}
{"recorder_version":"21","session":"6f71f8e77144","build":"192.6603.28","bucket":"163","time":1569846424166,"group":{"id":"performance","version":"21"},"event":{"count":1,"data":{"duration_ms":833,"created":1569846424166},"id":"ui.lagging"}}
{"recorder_version":"21","session":"6f71f8e77144","build":"192.6603.28","bucket":"163","time":1569846424516,"group":{"id":"performance","version":"21"},"event":{"count":1,"data":{"duration_ms":182,"created":1569846424516},"id":"ui.lagging"}}
{"recorder_version":"21","session":"6f71f8e77144","build":"192.6603.28","bucket":"163","time":1569846424689,"group":{"id":"toolwindow","version":"21"},"event":{"count":1,"data":{"os":"Mac","created":1569846424689,"plugin_type":"PLATFORM"},"id":"Project"}}
{"recorder_version":"21","session":"6f71f8e77144","build":"192.6603.28","bucket":"163","time":1569846425729,"group":{"id":"performance","version":"21"},"event":{"count":1,"data":{"duration_ms":392,"created":1569846425729},"id":"ui.lagging"}}
{"recorder_version":"21","session":"6f71f8e77144","build":"192.6603.28","bucket":"163","time":1569846426463,"group":{"id":"ui.tips","version":"2"},"event":{"count":1,"data":{"created":1569846426463,"type":"automatically"},"id":"dialog.shown"}}
{"recorder_version":"21","session":"6f71f8e77144","build":"192.6603.28","bucket":"163","time":1569846426859,"group":{"id":"ui.dialogs","version":"21"},"event":{"count":1,"data":{"created":1569846426860,"plugin_type":"PLATFORM","type":"show"},"id":"com.intellij.ide.util.TipDialog"}}
{"recorder_version":"21","session":"6f71f8e77144","build":"192.6603.28","bucket":"163","time":1569846427292,"group":{"id":"performance","version":"21"},"event":{"count":1,"data":{"duration_ms":955,"created":1569846427293},"id":"ui.lagging"}}
{"recorder_version":"21","session":"6f71f8e77144","build":"192.6603.28","bucket":"163","time":1569846427442,"group":{"id":"performance","version":"21"},"event":{"count":1,"data":{"duration_ms":104,"created":1569846427442},"id":"ui.lagging"}}
{"recorder_version":"21","session":"6f71f8e77144","build":"192.6603.28","bucket":"163","time":1569846428569,"group":{"id":"performance","version":"21"},"event":{"count":1,"data":{"duration_ms":227,"created":1569846428569},"id":"ui.lagging"}}
{"recorder_version":"21","session":"6f71f8e77144","build":"192.6603.28","bucket":"163","time":1569846430494,"group":{"id":"performance","version":"21"},"event":{"count":1,"data":{"duration_ms":139,"created":1569846430494},"id":"ui.lagging"}}
{"recorder_version":"21","session":"6f71f8e77144","build":"192.6603.28","bucket":"163","time":1569846430752,"group":{"id":"project.fs","version":"1"},"event":{"state":true,"data":{"os":"Mac","cs-project":false,"created":1569846430752,"project":"400c8e693833343f8d7e77acd21b278fb600d9c5bec886b777f5c9298302bd62","cs-implicit":true,"cs-system":false},"id":"case-sensitivity"}}
{"recorder_version":"21","session":"6f71f8e77144","build":"192.6603.28","bucket":"163","time":1569846430752,"group":{"id":"project.fs","version":"1"},"event":{"state":true,"data":{"created":1569846430752},"id":"invoked"}}
{"recorder_version":"21","session":"6f71f8e77144","build":"192.6603.28","bucket":"163","time":1569846430753,"group":{"id":"project.fs","version":"1"},"event":{"state":true,"data":{"pct-non-watched":0,"created":1569846430753,"project":"400c8e693833343f8d7e77acd21b278fb600d9c5bec886b777f5c9298302bd62"},"id":"roots-watched"}}
{"recorder_version":"21","session":"6f71f8e77144","build":"192.6603.28","bucket":"163","time":1569846430753,"group":{"id":"project.fs","version":"1"},"event":{"state":true,"data":{"created":1569846430753},"id":"invoked"}}
{"recorder_version":"21","session":"6f71f8e77144","build":"192.6603.28","bucket":"163","time":1569846431298,"group":{"id":"ui.dialogs","version":"21"},"event":{"count":1,"data":{"code":1,"created":1569846431298,"plugin_type":"PLATFORM","type":"close"},"id":"com.intellij.openapi.progress.util.ProgressDialog$MyDialogWrapper"}}
{"recorder_version":"21","session":"6f71f8e77144","build":"192.6603.28","bucket":"163","time":1569846431680,"group":{"id":"lifecycle","version":"21"},"event":{"count":1,"data":{"duration_ms":12382,"created":1569846431680,"project":"400c8e693833343f8d7e77acd21b278fb600d9c5bec886b777f5c9298302bd62"},"id":"project.opening.finished"}}
{"recorder_version":"21","session":"6f71f8e77144","build":"192.6603.28","bucket":"163","time":1569846432872,"group":{"id":"performance","version":"21"},"event":{"count":1,"data":{"duration_ms":505,"created":1569846432872},"id":"ui.lagging"}}
{"recorder_version":"21","session":"6f71f8e77144","build":"192.6603.28","bucket":"163","time":1569846433659,"group":{"id":"performance","version":"21"},"event":{"count":1,"data":{"duration_ms":290,"created":1569846433659},"id":"ui.lagging"}}
{"recorder_version":"21","session":"6f71f8e77144","build":"192.6603.28","bucket":"163","time":1569846519500,"group":{"id":"performance","version":"21"},"event":{"count":1,"data":{"duration_ms":2,"created":1569846519500},"id":"ui.latency"}}
{"recorder_version":"21","session":"6f71f8e77144","build":"192.6603.28","bucket":"163","time":1569846619698,"group":{"id":"performance","version":"21"},"event":{"count":1,"data":{"duration_ms":0,"created":1569846619698},"id":"ui.latency"}}
{"recorder_version":"21","session":"6f71f8e77144","build":"192.6603.28","bucket":"163","time":1569846662150,"group":{"id":"lifecycle","version":"21"},"event":{"count":1,"data":{"plugin":"Git4Idea","created":1569846662150,"plugin_type":"JB_BUNDLED","error":"java.lang.reflect.InvocationTargetException"},"id":"ide.error"}}
{"recorder_version":"21","session":"6f71f8e77144","build":"192.6603.28","bucket":"163","time":1569846691436,"group":{"id":"lifecycle","version":"21"},"event":{"count":1,"data":{"created":1569846691436,"project":"400c8e693833343f8d7e77acd21b278fb600d9c5bec886b777f5c9298302bd62"},"id":"frame.activated"}}
{"recorder_version":"21","session":"6f71f8e77144","build":"192.6603.28","bucket":"163","time":1569846694932,"group":{"id":"lifecycle","version":"21"},"event":{"count":1,"data":{"created":1569846694933,"project":"400c8e693833343f8d7e77acd21b278fb600d9c5bec886b777f5c9298302bd62"},"id":"frame.deactivated"}}
{"recorder_version":"21","session":"6f71f8e77144","build":"192.6603.28","bucket":"163","time":1569846696994,"group":{"id":"performance","version":"21"},"event":{"count":1,"data":{"duration_ms":746,"created":1569846696996},"id":"ui.lagging"}}
{"recorder_version":"21","session":"6f71f8e77144","build":"192.6603.28","bucket":"163","time":1569846718268,"group":{"id":"build.tools.actions","version":"1"},"event":{"count":1,"data":{"created":1569846718269},"id":"registered"}}
{"recorder_version":"21","session":"6f71f8e77144","build":"192.6603.28","bucket":"163","time":1569846718268,"group":{"id":"file.types.usage","version":"21"},"event":{"count":1,"data":{"created":1569846718269},"id":"registered"}}
{"recorder_version":"21","session":"6f71f8e77144","build":"192.6603.28","bucket":"163","time":1569846718268,"group":{"id":"ide.script.engine","version":"1"},"event":{"count":1,"data":{"created":1569846718270},"id":"registered"}}
{"recorder_version":"21","session":"6f71f8e77144","build":"192.6603.28","bucket":"163","time":1569846718268,"group":{"id":"actions.runAnything","version":"1"},"event":{"count":1,"data":{"created":1569846718271},"id":"registered"}}
{"recorder_version":"21","session":"6f71f8e77144","build":"192.6603.28","bucket":"163","time":1569846718268,"group":{"id":"toolwindow","version":"21"},"event":{"count":1,"data":{"created":1569846718271},"id":"registered"}}
{"recorder_version":"21","session":"6f71f8e77144","build":"192.6603.28","bucket":"163","time":1569846718268,"group":{"id":"kotlin.ide.newFileTempl","version":"1"},"event":{"count":1,"data":{"created":1569846718272},"id":"registered"}}
{"recorder_version":"21","session":"6f71f8e77144","build":"192.6603.28","bucket":"163","time":1569846718268,"group":{"id":"live.templates","version":"21"},"event":{"count":1,"data":{"created":1569846718272},"id":"registered"}}
{"recorder_version":"21","session":"6f71f8e77144","build":"192.6603.28","bucket":"163","time":1569846718268,"group":{"id":"ide.self.update","version":"2"},"event":{"count":1,"data":{"created":1569846718272},"id":"registered"}}
{"recorder_version":"21","session":"6f71f8e77144","build":"192.6603.28","bucket":"163","time":1569846718268,"group":{"id":"ui.settings","version":"21"},"event":{"count":1,"data":{"created":1569846718272},"id":"registered"}}
{"recorder_version":"21","session":"6f71f8e77144","build":"192.6603.28","bucket":"163","time":1569846718268,"group":{"id":"lifecycle","version":"21"},"event":{"count":1,"data":{"created":1569846718273},"id":"registered"}}
{"recorder_version":"21","session":"6f71f8e77144","build":"192.6603.28","bucket":"163","time":1569846718268,"group":{"id":"vcs.diff.trigger","version":"1"},"event":{"count":1,"data":{"created":1569846718273},"id":"registered"}}
{"recorder_version":"21","session":"6f71f8e77144","build":"192.6603.28","bucket":"163","time":1569846718268,"group":{"id":"vcs.log.trigger","version":"2"},"event":{"count":1,"data":{"created":1569846718276},"id":"registered"}}
{"recorder_version":"21","session":"6f71f8e77144","build":"192.6603.28","bucket":"163","time":1569846718268,"group":{"id":"productivity","version":"21"},"event":{"count":1,"data":{"created":1569846718276},"id":"registered"}}
{"recorder_version":"21","session":"6f71f8e77144","build":"192.6603.28","bucket":"163","time":1569846718268,"group":{"id":"debugger.breakpoints.usage","version":"2"},"event":{"count":1,"data":{"created":1569846718276},"id":"registered"}}
{"recorder_version":"21","session":"6f71f8e77144","build":"192.6603.28","bucket":"163","time":1569846718268,"group":{"id":"kotlin.gradle.library","version":"1"},"event":{"count":1,"data":{"created":1569846718276},"id":"registered"}}
{"recorder_version":"21","session":"6f71f8e77144","build":"192.6603.28","bucket":"163","time":1569846718268,"group":{"id":"find","version":"1"},"event":{"count":1,"data":{"created":1569846718277},"id":"registered"}}
{"recorder_version":"21","session":"6f71f8e77144","build":"192.6603.28","bucket":"163","time":1569846718268,"group":{"id":"kotlin.gradle.target","version":"1"},"event":{"count":1,"data":{"created":1569846718278},"id":"registered"}}
{"recorder_version":"21","session":"6f71f8e77144","build":"192.6603.28","bucket":"163","time":1569846718268,"group":{"id":"gutter.icon.click","version":"1"},"event":{"count":1,"data":{"created":1569846718278},"id":"registered"}}
{"recorder_version":"21","session":"6f71f8e77144","build":"192.6603.28","bucket":"163","time":1569846718268,"group":{"id":"shell.script","version":"1"},"event":{"count":1,"data":{"created":1569846718278},"id":"registered"}}
{"recorder_version":"21","session":"6f71f8e77144","build":"192.6603.28","bucket":"163","time":1569846718268,"group":{"id":"kotlin.ide.debugger.eval","version":"1"},"event":{"count":1,"data":{"created":1569846718278},"id":"registered"}}
{"recorder_version":"21","session":"6f71f8e77144","build":"192.6603.28","bucket":"163","time":1569846718268,"group":{"id":"build.maven.actions","version":"1"},"event":{"count":1,"data":{"created":1569846718279},"id":"registered"}}
{"recorder_version":"21","session":"6f71f8e77144","build":"192.6603.28","bucket":"163","time":1569846718268,"group":{"id":"ui.event","version":"1"},"event":{"count":1,"data":{"created":1569846718279},"id":"registered"}}
{"recorder_version":"21","session":"6f71f8e77144","build":"192.6603.28","bucket":"163","time":1569846718268,"group":{"id":"new.project.wizard","version":"1"},"event":{"count":1,"data":{"created":1569846718279},"id":"registered"}}
{"recorder_version":"21","session":"6f71f8e77144","build":"192.6603.28","bucket":"163","time":1569846718268,"group":{"id":"kotlin.ide.npwizards","version":"1"},"event":{"count":1,"data":{"created":1569846718279},"id":"registered"}}
{"recorder_version":"21","session":"6f71f8e77144","build":"192.6603.28","bucket":"163","time":1569846718268,"group":{"id":"intentions","version":"21"},"event":{"count":1,"data":{"created":1569846718280},"id":"registered"}}
{"recorder_version":"21","session":"6f71f8e77144","build":"192.6603.28","bucket":"163","time":1569846718268,"group":{"id":"ui.dialogs","version":"21"},"event":{"count":1,"data":{"created":1569846718280},"id":"registered"}}
{"recorder_version":"21","session":"6f71f8e77144","build":"192.6603.28","bucket":"163","time":1569846718268,"group":{"id":"vcs.back.forward.trigger","version":"1"},"event":{"count":1,"data":{"created":1569846718280},"id":"registered"}}
{"recorder_version":"21","session":"6f71f8e77144","build":"192.6603.28","bucket":"163","time":1569846718268,"group":{"id":"vcs.change.reminder","version":"1"},"event":{"count":1,"data":{"created":1569846718280},"id":"registered"}}
{"recorder_version":"21","session":"6f71f8e77144","build":"192.6603.28","bucket":"163","time":1569846718268,"group":{"id":"toolbar","version":"21"},"event":{"count":1,"data":{"created":1569846718286},"id":"registered"}}
{"recorder_version":"21","session":"6f71f8e77144","build":"192.6603.28","bucket":"163","time":1569846718268,"group":{"id":"build.gradle.actions","version":"1"},"event":{"count":1,"data":{"created":1569846718286},"id":"registered"}}
{"recorder_version":"21","session":"6f71f8e77144","build":"192.6603.28","bucket":"163","time":1569846718268,"group":{"id":"kotlin.maven.target","version":"1"},"event":{"count":1,"data":{"created":1569846718287},"id":"registered"}}
{"recorder_version":"21","session":"6f71f8e77144","build":"192.6603.28","bucket":"163","time":1569846718268,"group":{"id":"performance","version":"21"},"event":{"count":1,"data":{"created":1569846718287},"id":"registered"}}
{"recorder_version":"21","session":"6f71f8e77144","build":"192.6603.28","bucket":"163","time":1569846718268,"group":{"id":"searchEverywhere","version":"1"},"event":{"count":1,"data":{"created":1569846718288},"id":"registered"}}
{"recorder_version":"21","session":"6f71f8e77144","build":"192.6603.28","bucket":"163","time":1569846718268,"group":{"id":"kotlin.ide.action.refactoring","version":"1"},"event":{"count":1,"data":{"created":1569846718289},"id":"registered"}}
{"recorder_version":"21","session":"6f71f8e77144","build":"192.6603.28","bucket":"163","time":1569846718268,"group":{"id":"ui.tips","version":"2"},"event":{"count":1,"data":{"created":1569846718289},"id":"registered"}}
{"recorder_version":"21","session":"6f71f8e77144","build":"192.6603.28","bucket":"163","time":1569846718268,"group":{"id":"surround.with","version":"1"},"event":{"count":1,"data":{"created":1569846718289},"id":"registered"}}
{"recorder_version":"21","session":"6f71f8e77144","build":"192.6603.28","bucket":"163","time":1569846718268,"group":{"id":"import.old.config","version":"1"},"event":{"count":1,"data":{"created":1569846718289},"id":"registered"}}
{"recorder_version":"21","session":"6f71f8e77144","build":"192.6603.28","bucket":"163","time":1569846718268,"group":{"id":"json.schema","version":"1"},"event":{"count":1,"data":{"created":1569846718289},"id":"registered"}}
{"recorder_version":"21","session":"6f71f8e77144","build":"192.6603.28","bucket":"163","time":1569846718268,"group":{"id":"kotlin.jps.target","version":"1"},"event":{"count":1,"data":{"created":1569846718290},"id":"registered"}}
{"recorder_version":"21","session":"6f71f8e77144","build":"192.6603.28","bucket":"163","time":1569846718268,"group":{"id":"terminalShell","version":"1"},"event":{"count":1,"data":{"created":1569846718290},"id":"registered"}}
{"recorder_version":"21","session":"6f71f8e77144","build":"192.6603.28","bucket":"163","time":1569846718268,"group":{"id":"completion.postfix","version":"21"},"event":{"count":1,"data":{"created":1569846718291},"id":"registered"}}
{"recorder_version":"21","session":"6f71f8e77144","build":"192.6603.28","bucket":"163","time":1569846718268,"group":{"id":"build.ant.actions","version":"1"},"event":{"count":1,"data":{"created":1569846718291},"id":"registered"}}
{"recorder_version":"21","session":"6f71f8e77144","build":"192.6603.28","bucket":"163","time":1569846718268,"group":{"id":"actions","version":"21"},"event":{"count":1,"data":{"created":1569846718291},"id":"registered"}}
{"recorder_version":"21","session":"6f71f8e77144","build":"192.6603.28","bucket":"163","time":1569846718268,"group":{"id":"event.log","version":"21"},"event":{"count":1,"data":{"created":1569846718292},"id":"registered"}}
{"recorder_version":"21","session":"6f71f8e77144","build":"192.6603.28","bucket":"163","time":1569846718268,"group":{"id":"run.configuration.exec","version":"21"},"event":{"count":1,"data":{"created":1569846718292},"id":"registered"}}
{"recorder_version":"21","session":"6f71f8e77144","build":"192.6603.28","bucket":"163","time":1569846718268,"group":{"id":"build.maven.packagesearch","version":"2"},"event":{"count":1,"data":{"created":1569846718292},"id":"registered"}}
{"recorder_version":"21","session":"6f71f8e77144","build":"192.6603.28","bucket":"163","time":1569846720317,"group":{"id":"performance","version":"21"},"event":{"count":1,"data":{"duration_ms":0,"created":1569846720318},"id":"ui.latency"}}
{"recorder_version":"21","session":"6f71f8e77144","build":"192.6603.28","bucket":"163","time":1569846820552,"group":{"id":"performance","version":"21"},"event":{"count":1,"data":{"duration_ms":0,"created":1569846820552},"id":"ui.latency"}}
{"recorder_version":"21","session":"6f71f8e77144","build":"192.6603.28","bucket":"163","time":1569846920785,"group":{"id":"performance","version":"21"},"event":{"count":1,"data":{"duration_ms":1,"created":1569846920785},"id":"ui.latency"}}
{"recorder_version":"21","session":"6f71f8e77144","build":"192.6603.28","bucket":"163","time":1569847020984,"group":{"id":"performance","version":"21"},"event":{"count":1,"data":{"duration_ms":0,"created":1569847020985},"id":"ui.latency"}}
{"recorder_version":"21","session":"6f71f8e77144","build":"192.6603.28","bucket":"163","time":1569847121207,"group":{"id":"performance","version":"21"},"event":{"count":1,"data":{"duration_ms":0,"created":1569847121207},"id":"ui.latency"}}
{"recorder_version":"21","session":"6f71f8e77144","build":"192.6603.28","bucket":"163","time":1569847221496,"group":{"id":"performance","version":"21"},"event":{"count":1,"data":{"duration_ms":0,"created":1569847221497},"id":"ui.latency"}}
{"recorder_version":"21","session":"6f71f8e77144","build":"192.6603.28","bucket":"163","time":1569847318236,"group":{"id":"ui.accessibility.screen.reader","version":"1"},"event":{"state":true,"data":{"os":"Mac","created":1569847318236},"id":"screen.reader.DISABLED"}}
{"recorder_version":"21","session":"6f71f8e77144","build":"192.6603.28","bucket":"163","time":1569847318236,"group":{"id":"ui.accessibility.screen.reader","version":"1"},"event":{"state":true,"data":{"created":1569847318236},"id":"invoked"}}
{"recorder_version":"21","session":"6f71f8e77144","build":"192.6603.28","bucket":"163","time":1569847318236,"group":{"id":"ui.hidpi.mode","version":"1"},"event":{"state":true,"data":{"os":"Mac","created":1569847318237},"id":"per_monitor_dpi"}}
{"recorder_version":"21","session":"6f71f8e77144","build":"192.6603.28","bucket":"163","time":1569847318236,"group":{"id":"ui.hidpi.mode","version":"1"},"event":{"state":true,"data":{"created":1569847318237},"id":"invoked"}}
{"recorder_version":"21","session":"6f71f8e77144","build":"192.6603.28","bucket":"163","time":1569847318236,"group":{"id":"vcs.log.index.application","version":"2"},"event":{"state":true,"data":{"created":1569847318237},"id":"invoked"}}
{"recorder_version":"21","session":"6f71f8e77144","build":"192.6603.28","bucket":"163","time":1569847318238,"group":{"id":"vcs.application.configuration","version":"1"},"event":{"state":true,"data":{"created":1569847318238},"id":"invoked"}}
{"recorder_version":"21","session":"6f71f8e77144","build":"192.6603.28","bucket":"163","time":1569847318239,"group":{"id":"ui.look.and.feel","version":"1"},"event":{"state":true,"data":{"os":"Mac","created":1569847318239},"id":"Light"}}
{"recorder_version":"21","session":"6f71f8e77144","build":"192.6603.28","bucket":"163","time":1569847318239,"group":{"id":"ui.look.and.feel","version":"1"},"event":{"state":true,"data":{"created":1569847318240},"id":"invoked"}}
{"recorder_version":"21","session":"6f71f8e77144","build":"192.6603.28","bucket":"163","time":1569847318242,"group":{"id":"system.runtime","version":"2"},"event":{"state":true,"data":{"created":1569847318243,"name":"G1_Old_Generation"},"id":"garbage.collector"}}
{"recorder_version":"21","session":"6f71f8e77144","build":"192.6603.28","bucket":"163","time":1569847318242,"group":{"id":"system.runtime","version":"2"},"event":{"state":true,"data":{"created":1569847318243,"name":"Xmx","value":512},"id":"jvm.option"}}
{"recorder_version":"21","session":"6f71f8e77144","build":"192.6603.28","bucket":"163","time":1569847318242,"group":{"id":"system.runtime","version":"2"},"event":{"state":true,"data":{"vendor":"JetBrains","created":1569847318244,"bit":"64","version":"1.11"},"id":"jvm"}}
{"recorder_version":"21","session":"6f71f8e77144","build":"192.6603.28","bucket":"163","time":1569847318242,"group":{"id":"system.runtime","version":"2"},"event":{"state":true,"data":{"created":1569847318244,"name":"G1_Young_Generation"},"id":"garbage.collector"}}
{"recorder_version":"21","session":"6f71f8e77144","build":"192.6603.28","bucket":"163","time":1569847318242,"group":{"id":"system.runtime","version":"2"},"event":{"state":true,"data":{"created":1569847318244,"value":4},"id":"cores"}}
{"recorder_version":"21","session":"6f71f8e77144","build":"192.6603.28","bucket":"163","time":1569847318242,"group":{"id":"system.runtime","version":"2"},"event":{"state":true,"data":{"created":1569847318245,"name":"Xms","value":256},"id":"jvm.option"}}
{"recorder_version":"21","session":"6f71f8e77144","build":"192.6603.28","bucket":"163","time":1569847318242,"group":{"id":"system.runtime","version":"2"},"event":{"state":true,"data":{"created":1569847318245},"id":"invoked"}}
{"recorder_version":"21","session":"6f71f8e77144","build":"192.6603.28","bucket":"163","time":1569847318243,"group":{"id":"ui.editor.color.schemes","version":"2"},"event":{"state":true,"data":{"os":"Mac","created":1569847318245,"value":false},"id":"Default"}}
{"recorder_version":"21","session":"6f71f8e77144","build":"192.6603.28","bucket":"163","time":1569847318243,"group":{"id":"ui.editor.color.schemes","version":"2"},"event":{"state":true,"data":{"created":1569847318245},"id":"invoked"}}
{"recorder_version":"21","session":"6f71f8e77144","build":"192.6603.28","bucket":"163","time":1569847318246,"group":{"id":"ui.fonts","version":"1"},"event":{"state":true,"data":{"os":"Mac","created":1569847318246,"value":1.2},"id":"editor.lineSpacing"}}
{"recorder_version":"21","session":"6f71f8e77144","build":"192.6603.28","bucket":"163","time":1569847318246,"group":{"id":"ui.fonts","version":"1"},"event":{"state":true,"data":{"os":"Mac","created":1569847318247},"id":"IDE.editor.font.size[12]"}}
{"recorder_version":"21","session":"6f71f8e77144","build":"192.6603.28","bucket":"163","time":1569847318246,"group":{"id":"ui.fonts","version":"1"},"event":{"state":true,"data":{"os":"Mac","created":1569847318248},"id":"UI.font.size[13]"}}
{"recorder_version":"21","session":"6f71f8e77144","build":"192.6603.28","bucket":"163","time":1569847318246,"group":{"id":"ui.fonts","version":"1"},"event":{"state":true,"data":{"os":"Mac","created":1569847318250},"id":"IDE.editor.font.name[Menlo]"}}
{"recorder_version":"21","session":"6f71f8e77144","build":"192.6603.28","bucket":"163","time":1569847318246,"group":{"id":"ui.fonts","version":"1"},"event":{"state":true,"data":{"os":"Mac","created":1569847318250},"id":"UI.font.name[.SF_NS_Text]"}}
{"recorder_version":"21","session":"6f71f8e77144","build":"192.6603.28","bucket":"163","time":1569847318246,"group":{"id":"ui.fonts","version":"1"},"event":{"state":true,"data":{"os":"Mac","created":1569847318251},"id":"Presentation.mode.font.size[24]"}}
{"recorder_version":"21","session":"6f71f8e77144","build":"192.6603.28","bucket":"163","time":1569847318246,"group":{"id":"ui.fonts","version":"1"},"event":{"state":true,"data":{"created":1569847318251},"id":"invoked"}}
{"recorder_version":"21","session":"6f71f8e77144","build":"192.6603.28","bucket":"163","time":1569847318246,"group":{"id":"user.advanced.info","version":"2"},"event":{"state":true,"data":{"created":1569847318253,"value":"release"},"id":"build"}}
{"recorder_version":"21","session":"6f71f8e77144","build":"192.6603.28","bucket":"163","time":1569847318246,"group":{"id":"user.advanced.info","version":"2"},"event":{"state":true,"data":{"created":1569847318253},"id":"release"}}
{"recorder_version":"21","session":"6f71f8e77144","build":"192.6603.28","bucket":"163","time":1569847318246,"group":{"id":"user.advanced.info","version":"2"},"event":{"state":true,"data":{"created":1569847318254},"id":"invoked"}}
{"recorder_version":"21","session":"6f71f8e77144","build":"192.6603.28","bucket":"163","time":1569847318246,"group":{"id":"os.linux.wm","version":"1"},"event":{"state":true,"data":{"created":1569847318254},"id":"invoked"}}
{"recorder_version":"21","session":"6f71f8e77144","build":"192.6603.28","bucket":"163","time":1569847318278,"group":{"id":"editor.settings.ide","version":"2"},"event":{"state":true,"data":{"created":1569847318278,"enabled":true},"id":"completionHints"}}
{"recorder_version":"21","session":"6f71f8e77144","build":"192.6603.28","bucket":"163","time":1569847318278,"group":{"id":"editor.settings.ide","version":"2"},"event":{"state":true,"data":{"created":1569847318279},"id":"invoked"}}
{"recorder_version":"21","session":"6f71f8e77144","build":"192.6603.28","bucket":"163","time":1569847318282,"group":{"id":"plugins","version":"1"},"event":{"state":true,"data":{"created":1569847318282,"plugin_type":"NOT_LISTED"},"id":"enabled.not.bundled.plugin"}}
{"recorder_version":"21","session":"6f71f8e77144","build":"192.6603.28","bucket":"163","time":1569847318282,"group":{"id":"plugins","version":"1"},"event":{"state":true,"data":{"created":1569847318282},"id":"invoked"}}
{"recorder_version":"21","session":"6f71f8e77144","build":"192.6603.28","bucket":"163","time":1569847318287,"group":{"id":"ui.info.features","version":"2"},"event":{"state":true,"data":{"os":"Mac","created":1569847318287},"id":"Allow.merging.buttons.enabled"}}
{"recorder_version":"21","session":"6f71f8e77144","build":"192.6603.28","bucket":"163","time":1569847318287,"group":{"id":"ui.info.features","version":"2"},"event":{"state":true,"data":{"os":"Mac","created":1569847318287},"id":"QuickDoc.AutoUpdate"}}
{"recorder_version":"21","session":"6f71f8e77144","build":"192.6603.28","bucket":"163","time":1569847318287,"group":{"id":"ui.info.features","version":"2"},"event":{"state":true,"data":{"os":"Mac","created":1569847318288},"id":"validation.unmatched_rule"}}
{"recorder_version":"21","session":"6f71f8e77144","build":"192.6603.28","bucket":"163","time":1569847318287,"group":{"id":"ui.info.features","version":"2"},"event":{"state":true,"data":{"grouped":"[30_50]","os":"Mac","created":1569847318288},"id":"recent.files"}}
{"recorder_version":"21","session":"6f71f8e77144","build":"192.6603.28","bucket":"163","time":1569847318287,"group":{"id":"ui.info.features","version":"2"},"event":{"state":true,"data":{"os":"Mac","created":1569847318288},"id":"Line.Numbers"}}
{"recorder_version":"21","session":"6f71f8e77144","build":"192.6603.28","bucket":"163","time":1569847318287,"group":{"id":"ui.info.features","version":"2"},"event":{"state":true,"data":{"os":"Mac","created":1569847318288},"id":"Tabs.Top"}}
{"recorder_version":"21","session":"6f71f8e77144","build":"192.6603.28","bucket":"163","time":1569847318287,"group":{"id":"ui.info.features","version":"2"},"event":{"state":true,"data":{"os":"Mac","created":1569847318288},"id":"Retina"}}
{"recorder_version":"21","session":"6f71f8e77144","build":"192.6603.28","bucket":"163","time":1569847318287,"group":{"id":"ui.info.features","version":"2"},"event":{"state":true,"data":{"os":"Mac","created":1569847318289},"id":"Nav.Bar.visible"}}
{"recorder_version":"21","session":"6f71f8e77144","build":"192.6603.28","bucket":"163","time":1569847318287,"group":{"id":"ui.info.features","version":"2"},"event":{"state":true,"data":{"os":"Mac","created":1569847318289},"id":"validation.unmatched_rule"}}
{"recorder_version":"21","session":"6f71f8e77144","build":"192.6603.28","bucket":"163","time":1569847318287,"group":{"id":"ui.info.features","version":"2"},"event":{"state":true,"data":{"os":"Mac","created":1569847318289},"id":"Recent.Files[30_50]"}}
{"recorder_version":"21","session":"6f71f8e77144","build":"192.6603.28","bucket":"163","time":1569847318287,"group":{"id":"ui.info.features","version":"2"},"event":{"state":true,"data":{"os":"Mac","created":1569847318289},"id":"Status.bar.visible"}}
{"recorder_version":"21","session":"6f71f8e77144","build":"192.6603.28","bucket":"163","time":1569847318287,"group":{"id":"ui.info.features","version":"2"},"event":{"state":true,"data":{"os":"Mac","created":1569847318289},"id":"Tool.Window.buttons.hidden"}}
{"recorder_version":"21","session":"6f71f8e77144","build":"192.6603.28","bucket":"163","time":1569847318287,"group":{"id":"ui.info.features","version":"2"},"event":{"state":true,"data":{"os":"Mac","created":1569847318290},"id":"Gutter.Icons"}}
{"recorder_version":"21","session":"6f71f8e77144","build":"192.6603.28","bucket":"163","time":1569847318287,"group":{"id":"ui.info.features","version":"2"},"event":{"state":true,"data":{"os":"Mac","created":1569847318290},"id":"Show.tips.on.startup"}}
{"recorder_version":"21","session":"6f71f8e77144","build":"192.6603.28","bucket":"163","time":1569847318287,"group":{"id":"ui.info.features","version":"2"},"event":{"state":true,"data":{"os":"Mac","created":1569847318290},"id":"Toolbar.hidden"}}
{"recorder_version":"21","session":"6f71f8e77144","build":"192.6603.28","bucket":"163","time":1569847318287,"group":{"id":"ui.info.features","version":"2"},"event":{"state":true,"data":{"os":"Mac","created":1569847318290},"id":"Toolbar.and.NavBar"}}
{"recorder_version":"21","session":"6f71f8e77144","build":"192.6603.28","bucket":"163","time":1569847318287,"group":{"id":"ui.info.features","version":"2"},"event":{"state":true,"data":{"created":1569847318290},"id":"invoked"}}
{"recorder_version":"21","session":"6f71f8e77144","build":"192.6603.28","bucket":"163","time":1569847318287,"group":{"id":"keymaps.name","version":"1"},"event":{"state":true,"data":{"os":"Mac","created":1569847318291},"id":"Mac_OS_X_10.5+"}}
{"recorder_version":"21","session":"6f71f8e77144","build":"192.6603.28","bucket":"163","time":1569847318287,"group":{"id":"keymaps.name","version":"1"},"event":{"state":true,"data":{"created":1569847318291},"id":"invoked"}}
{"recorder_version":"21","session":"6f71f8e77144","build":"192.6603.28","bucket":"163","time":1569847318292,"group":{"id":"platform.registry.application","version":"1"},"event":{"state":true,"data":{"created":1569847318293,"plugin_type":"PLATFORM"},"id":"recent.and.edited.files.together"}}
{"recorder_version":"21","session":"6f71f8e77144","build":"192.6603.28","bucket":"163","time":1569847318292,"group":{"id":"platform.registry.application","version":"1"},"event":{"state":true,"data":{"created":1569847318293,"plugin_type":"PLATFORM"},"id":"inline.browse.button"}}
{"recorder_version":"21","session":"6f71f8e77144","build":"192.6603.28","bucket":"163","time":1569847318292,"group":{"id":"platform.registry.application","version":"1"},"event":{"state":true,"data":{"created":1569847318294,"plugin_type":"PLATFORM"},"id":"show.create.new.element.in.popup"}}
{"recorder_version":"21","session":"6f71f8e77144","build":"192.6603.28","bucket":"163","time":1569847318292,"group":{"id":"platform.registry.application","version":"1"},"event":{"state":true,"data":{"created":1569847318294,"plugin_type":"PLATFORM"},"id":"property.value.inplace.editing"}}
{"recorder_version":"21","session":"6f71f8e77144","build":"192.6603.28","bucket":"163","time":1569847318292,"group":{"id":"platform.registry.application","version":"1"},"event":{"state":true,"data":{"created":1569847318294},"id":"java.completion.argument.hints.internal"}}
{"recorder_version":"21","session":"6f71f8e77144","build":"192.6603.28","bucket":"163","time":1569847318292,"group":{"id":"platform.registry.application","version":"1"},"event":{"state":true,"data":{"created":1569847318294,"plugin_type":"PLATFORM"},"id":"linux.native.menu"}}
{"recorder_version":"21","session":"6f71f8e77144","build":"192.6603.28","bucket":"163","time":1569847318292,"group":{"id":"platform.registry.application","version":"1"},"event":{"state":true,"data":{"created":1569847318295,"plugin_type":"PLATFORM"},"id":"new.large.text.file.viewer"}}
{"recorder_version":"21","session":"6f71f8e77144","build":"192.6603.28","bucket":"163","time":1569847318292,"group":{"id":"platform.registry.application","version":"1"},"event":{"state":true,"data":{"created":1569847318295},"id":"invoked"}}
{"recorder_version":"21","session":"6f71f8e77144","build":"192.6603.28","bucket":"163","time":1569847318298,"group":{"id":"debugger.settings.ide","version":"2"},"event":{"state":true,"data":{"created":1569847318298},"id":"invoked"}}
{"recorder_version":"21","session":"6f71f8e77144","build":"192.6603.28","bucket":"163","time":1569847318320,"group":{"id":"vcs.diff","version":"2"},"event":{"state":true,"data":{"created":1569847318321},"id":"invoked"}}
{"recorder_version":"21","session":"6f71f8e77144","build":"192.6603.28","bucket":"163","time":1569847318324,"group":{"id":"ui.screen.scale","version":"1"},"event":{"state":true,"data":{"os":"Mac","created":1569847318324},"id":"ScaledMode_2.0"}}
{"recorder_version":"21","session":"6f71f8e77144","build":"192.6603.28","bucket":"163","time":1569847318324,"group":{"id":"ui.screen.scale","version":"1"},"event":{"state":true,"data":{"created":1569847318324},"id":"invoked"}}
{"recorder_version":"21","session":"6f71f8e77144","build":"192.6603.28","bucket":"163","time":1569847318357,"group":{"id":"vcs.github","version":"1"},"event":{"state":true,"data":{"created":1569847318357},"id":"github.accounts.not.default.host.disabled"}}
{"recorder_version":"21","session":"6f71f8e77144","build":"192.6603.28","bucket":"163","time":1569847318357,"group":{"id":"vcs.github","version":"1"},"event":{"state":true,"data":{"created":1569847318357},"id":"github.accounts.count.0"}}
{"recorder_version":"21","session":"6f71f8e77144","build":"192.6603.28","bucket":"163","time":1569847318357,"group":{"id":"vcs.github","version":"1"},"event":{"state":true,"data":{"created":1569847318358},"id":"invoked"}}
