{"recorder_version":"21","session":"13795313fc69","build":"192.6603.28","bucket":"163","time":1569753430118,"group":{"id":"settings","version":"4"},"event":{"state":true,"data":{"component":"NotRoamableUiSettings","created":1569753430253},"id":"invoked"}}
{"recorder_version":"21","session":"13795313fc69","build":"192.6603.28","bucket":"163","time":1569753430121,"group":{"id":"system.java","version":"1"},"event":{"state":true,"data":{"created":1569753430255,"version":"1.11"},"id":"JetBrains"}}
{"recorder_version":"21","session":"13795313fc69","build":"192.6603.28","bucket":"163","time":1569753430121,"group":{"id":"system.java","version":"1"},"event":{"state":true,"data":{"created":1569753430261},"id":"invoked"}}
{"recorder_version":"21","session":"13795313fc69","build":"192.6603.28","bucket":"163","time":1569753430122,"group":{"id":"settings","version":"4"},"event":{"state":true,"data":{"component":"UISettings","created":1569753430262},"id":"invoked"}}
{"recorder_version":"21","session":"13795313fc69","build":"192.6603.28","bucket":"163","time":1569753430166,"group":{"id":"system.os","version":"3"},"event":{"state":true,"data":{"created":1569753430263,"version":"10.14"},"id":"Mac"}}
{"recorder_version":"21","session":"13795313fc69","build":"192.6603.28","bucket":"163","time":1569753430166,"group":{"id":"system.os","version":"3"},"event":{"state":true,"data":{"created":1569753430263,"name":"Mac","version":"10.14"},"id":"os.name"}}
{"recorder_version":"21","session":"13795313fc69","build":"192.6603.28","bucket":"163","time":1569753430166,"group":{"id":"system.os","version":"3"},"event":{"state":true,"data":{"created":1569753430264,"value":"+05_30"},"id":"os.timezone"}}
{"recorder_version":"21","session":"13795313fc69","build":"192.6603.28","bucket":"163","time":1569753430166,"group":{"id":"system.os","version":"3"},"event":{"state":true,"data":{"created":1569753430265},"id":"invoked"}}
{"recorder_version":"21","session":"13795313fc69","build":"192.6603.28","bucket":"163","time":1569753430253,"group":{"id":"event.log","version":"21"},"event":{"count":1,"data":{"created":1569753430265,"version":"789.0"},"id":"whitelist.loaded"}}
{"recorder_version":"21","session":"13795313fc69","build":"192.6603.28","bucket":"163","time":1569753432427,"group":{"id":"settings","version":"4"},"event":{"state":true,"data":{"component":"UpdatesConfigurable","created":1569753432427,"name":"checkNeeded","type":"bool","value":false},"id":"not.default"}}
{"recorder_version":"21","session":"13795313fc69","build":"192.6603.28","bucket":"163","time":1569753432427,"group":{"id":"settings","version":"4"},"event":{"state":true,"data":{"component":"UpdatesConfigurable","created":1569753432428},"id":"invoked"}}
{"recorder_version":"21","session":"13795313fc69","build":"192.6603.28","bucket":"163","time":1569753432734,"group":{"id":"settings","version":"4"},"event":{"state":true,"data":{"component":"GeneralSettings","created":1569753432734},"id":"invoked"}}
{"recorder_version":"21","session":"13795313fc69","build":"192.6603.28","bucket":"163","time":1569753432738,"group":{"id":"lifecycle","version":"21"},"event":{"count":1,"data":{"internal":true,"eap":false,"created":1569753432738},"id":"ide.start"}}
{"recorder_version":"21","session":"13795313fc69","build":"192.6603.28","bucket":"163","time":1569753433173,"group":{"id":"lifecycle","version":"21"},"event":{"count":1,"data":{"created":1569753433173},"id":"frame.activated"}}
{"recorder_version":"21","session":"13795313fc69","build":"192.6603.28","bucket":"163","time":1569753433248,"group":{"id":"performance","version":"21"},"event":{"count":1,"data":{"duration_ms":739,"created":1569753433249},"id":"ui.latency"}}
{"recorder_version":"21","session":"13795313fc69","build":"192.6603.28","bucket":"163","time":1569753433249,"group":{"id":"performance","version":"21"},"event":{"count":1,"data":{"duration_ms":739,"created":1569753433249},"id":"ui.lagging"}}
{"recorder_version":"21","session":"13795313fc69","build":"192.6603.28","bucket":"163","time":1569753433653,"group":{"id":"ui.dialogs","version":"21"},"event":{"count":1,"data":{"created":1569753433654,"plugin_type":"PLATFORM","type":"show"},"id":"com.intellij.openapi.progress.util.ProgressDialog$MyDialogWrapper"}}
{"recorder_version":"21","session":"13795313fc69","build":"192.6603.28","bucket":"163","time":1569753436278,"group":{"id":"lifecycle","version":"21"},"event":{"count":1,"data":{"created":1569753436278,"project":"400c8e693833343f8d7e77acd21b278fb600d9c5bec886b777f5c9298302bd62"},"id":"project.opened"}}
{"recorder_version":"21","session":"13795313fc69","build":"192.6603.28","bucket":"163","time":1569753437214,"group":{"id":"performance","version":"21"},"event":{"count":1,"data":{"duration_ms":694,"created":1569753437215},"id":"ui.lagging"}}
{"recorder_version":"21","session":"13795313fc69","build":"192.6603.28","bucket":"163","time":1569753438300,"group":{"id":"settings","version":"4"},"event":{"state":true,"data":{"component":"XmlEditorOptions","created":1569753438300},"id":"invoked"}}
{"recorder_version":"21","session":"13795313fc69","build":"192.6603.28","bucket":"163","time":1569753438698,"group":{"id":"performance","version":"21"},"event":{"count":1,"data":{"duration_ms":177,"created":1569753438699},"id":"ui.lagging"}}
{"recorder_version":"21","session":"13795313fc69","build":"192.6603.28","bucket":"163","time":1569753438886,"group":{"id":"toolwindow","version":"21"},"event":{"count":1,"data":{"os":"Mac","created":1569753438886,"plugin_type":"PLATFORM"},"id":"Project"}}
{"recorder_version":"21","session":"13795313fc69","build":"192.6603.28","bucket":"163","time":1569753439958,"group":{"id":"performance","version":"21"},"event":{"count":1,"data":{"duration_ms":430,"created":1569753439958},"id":"ui.lagging"}}
{"recorder_version":"21","session":"13795313fc69","build":"192.6603.28","bucket":"163","time":1569753440471,"group":{"id":"ui.tips","version":"2"},"event":{"count":1,"data":{"created":1569753440472,"type":"automatically"},"id":"dialog.shown"}}
{"recorder_version":"21","session":"13795313fc69","build":"192.6603.28","bucket":"163","time":1569753440591,"group":{"id":"ui.dialogs","version":"21"},"event":{"count":1,"data":{"created":1569753440591,"plugin_type":"PLATFORM","type":"show"},"id":"com.intellij.ide.util.TipDialog"}}
{"recorder_version":"21","session":"13795313fc69","build":"192.6603.28","bucket":"163","time":1569753440938,"group":{"id":"performance","version":"21"},"event":{"count":1,"data":{"duration_ms":401,"created":1569753440938},"id":"ui.lagging"}}
{"recorder_version":"21","session":"13795313fc69","build":"192.6603.28","bucket":"163","time":1569753442029,"group":{"id":"project.fs","version":"1"},"event":{"state":true,"data":{"os":"Mac","cs-project":false,"created":1569753442029,"project":"400c8e693833343f8d7e77acd21b278fb600d9c5bec886b777f5c9298302bd62","cs-implicit":true,"cs-system":false},"id":"case-sensitivity"}}
{"recorder_version":"21","session":"13795313fc69","build":"192.6603.28","bucket":"163","time":1569753442030,"group":{"id":"project.fs","version":"1"},"event":{"state":true,"data":{"created":1569753442030},"id":"invoked"}}
{"recorder_version":"21","session":"13795313fc69","build":"192.6603.28","bucket":"163","time":1569753442031,"group":{"id":"project.fs","version":"1"},"event":{"state":true,"data":{"pct-non-watched":0,"created":1569753442031,"project":"400c8e693833343f8d7e77acd21b278fb600d9c5bec886b777f5c9298302bd62"},"id":"roots-watched"}}
{"recorder_version":"21","session":"13795313fc69","build":"192.6603.28","bucket":"163","time":1569753442031,"group":{"id":"project.fs","version":"1"},"event":{"state":true,"data":{"created":1569753442031},"id":"invoked"}}
{"recorder_version":"21","session":"13795313fc69","build":"192.6603.28","bucket":"163","time":1569753442626,"group":{"id":"ui.dialogs","version":"21"},"event":{"count":1,"data":{"code":1,"created":1569753442626,"plugin_type":"PLATFORM","type":"close"},"id":"com.intellij.ide.util.TipDialog"}}
{"recorder_version":"21","session":"13795313fc69","build":"192.6603.28","bucket":"163","time":1569753442716,"group":{"id":"ui.dialogs","version":"21"},"event":{"count":1,"data":{"code":1,"created":1569753442716,"plugin_type":"PLATFORM","type":"close"},"id":"com.intellij.openapi.progress.util.ProgressDialog$MyDialogWrapper"}}
{"recorder_version":"21","session":"13795313fc69","build":"192.6603.28","bucket":"163","time":1569753443119,"group":{"id":"lifecycle","version":"21"},"event":{"count":1,"data":{"duration_ms":9564,"created":1569753443119,"project":"400c8e693833343f8d7e77acd21b278fb600d9c5bec886b777f5c9298302bd62"},"id":"project.opening.finished"}}
{"recorder_version":"21","session":"13795313fc69","build":"192.6603.28","bucket":"163","time":1569753443757,"group":{"id":"performance","version":"21"},"event":{"count":1,"data":{"duration_ms":216,"created":1569753443757},"id":"ui.lagging"}}
{"recorder_version":"21","session":"13795313fc69","build":"192.6603.28","bucket":"163","time":1569753446651,"group":{"id":"performance","version":"21"},"event":{"count":1,"data":{"duration_ms":107,"created":1569753446651},"id":"ui.lagging"}}
{"recorder_version":"21","session":"13795313fc69","build":"192.6603.28","bucket":"163","time":1569753448917,"group":{"id":"actions","version":"21"},"event":{"count":1,"data":{"context_menu":false,"current_file":"JAVA","created":1569753448918,"plugin_type":"PLATFORM","project":"400c8e693833343f8d7e77acd21b278fb600d9c5bec886b777f5c9298302bd62","place":"keyboard_shortcut","class":"com.intellij.openapi.editor.actions.BackspaceAction","input_event":"Backspace"},"id":"EditorBackSpace"}}
{"recorder_version":"21","session":"13795313fc69","build":"192.6603.28","bucket":"163","time":1569753449550,"group":{"id":"file.types.usage","version":"21"},"event":{"count":1,"data":{"plugin":"com.intellij.java","created":1569753449550,"plugin_type":"JB_BUNDLED","project":"400c8e693833343f8d7e77acd21b278fb600d9c5bec886b777f5c9298302bd62","type":"edit"},"id":"JAVA"}}
{"recorder_version":"21","session":"13795313fc69","build":"192.6603.28","bucket":"163","time":1569753449852,"group":{"id":"performance","version":"21"},"event":{"count":1,"data":{"duration_ms":305,"created":1569753449852},"id":"ui.lagging"}}
{"recorder_version":"21","session":"13795313fc69","build":"192.6603.28","bucket":"163","time":1569753467331,"group":{"id":"actions","version":"21"},"event":{"count":1,"data":{"context_menu":false,"current_file":"JAVA","created":1569753467331,"plugin_type":"PLATFORM","project":"400c8e693833343f8d7e77acd21b278fb600d9c5bec886b777f5c9298302bd62","place":"keyboard_shortcut","class":"com.intellij.openapi.editor.actions.BackspaceAction","input_event":"Backspace"},"id":"EditorBackSpace"}}
{"recorder_version":"21","session":"13795313fc69","build":"192.6603.28","bucket":"163","time":1569753467764,"group":{"id":"file.types.usage","version":"21"},"event":{"count":1,"data":{"plugin":"com.intellij.java","created":1569753467764,"plugin_type":"JB_BUNDLED","project":"400c8e693833343f8d7e77acd21b278fb600d9c5bec886b777f5c9298302bd62","type":"edit"},"id":"JAVA"}}
{"recorder_version":"21","session":"13795313fc69","build":"192.6603.28","bucket":"163","time":1569753470330,"group":{"id":"lifecycle","version":"21"},"event":{"count":1,"data":{"created":1569753470330,"project":"400c8e693833343f8d7e77acd21b278fb600d9c5bec886b777f5c9298302bd62"},"id":"frame.deactivated"}}
{"recorder_version":"21","session":"13795313fc69","build":"192.6603.28","bucket":"163","time":1569753533687,"group":{"id":"performance","version":"21"},"event":{"count":1,"data":{"duration_ms":0,"created":1569753533688},"id":"ui.latency"}}
{"recorder_version":"21","session":"13795313fc69","build":"192.6603.28","bucket":"163","time":1569753615007,"group":{"id":"event.log","version":"21"},"event":{"count":1,"data":{"created":1569753615007,"version":"798.0"},"id":"whitelist.updated"}}
{"recorder_version":"21","session":"13795313fc69","build":"192.6603.28","bucket":"163","time":1569753633842,"group":{"id":"performance","version":"21"},"event":{"count":1,"data":{"duration_ms":0,"created":1569753633842},"id":"ui.latency"}}
{"recorder_version":"21","session":"13795313fc69","build":"192.6603.28","bucket":"163","time":1569753701651,"group":{"id":"lifecycle","version":"21"},"event":{"count":1,"data":{"plugin":"Git4Idea","created":1569753701651,"plugin_type":"JB_BUNDLED","error":"java.lang.reflect.InvocationTargetException"},"id":"ide.error"}}
{"recorder_version":"21","session":"13795313fc69","build":"192.6603.28","bucket":"163","time":1569753732746,"group":{"id":"build.tools.actions","version":"1"},"event":{"count":1,"data":{"created":1569753732747},"id":"registered"}}
{"recorder_version":"21","session":"13795313fc69","build":"192.6603.28","bucket":"163","time":1569753732746,"group":{"id":"file.types.usage","version":"21"},"event":{"count":1,"data":{"created":1569753732750},"id":"registered"}}
{"recorder_version":"21","session":"13795313fc69","build":"192.6603.28","bucket":"163","time":1569753732746,"group":{"id":"ide.script.engine","version":"1"},"event":{"count":1,"data":{"created":1569753732750},"id":"registered"}}
{"recorder_version":"21","session":"13795313fc69","build":"192.6603.28","bucket":"163","time":1569753732746,"group":{"id":"actions.runAnything","version":"1"},"event":{"count":1,"data":{"created":1569753732750},"id":"registered"}}
{"recorder_version":"21","session":"13795313fc69","build":"192.6603.28","bucket":"163","time":1569753732746,"group":{"id":"toolwindow","version":"21"},"event":{"count":1,"data":{"created":1569753732751},"id":"registered"}}
{"recorder_version":"21","session":"13795313fc69","build":"192.6603.28","bucket":"163","time":1569753732746,"group":{"id":"kotlin.ide.newFileTempl","version":"1"},"event":{"count":1,"data":{"created":1569753732751},"id":"registered"}}
{"recorder_version":"21","session":"13795313fc69","build":"192.6603.28","bucket":"163","time":1569753732746,"group":{"id":"live.templates","version":"21"},"event":{"count":1,"data":{"created":1569753732751},"id":"registered"}}
{"recorder_version":"21","session":"13795313fc69","build":"192.6603.28","bucket":"163","time":1569753732746,"group":{"id":"ide.self.update","version":"2"},"event":{"count":1,"data":{"created":1569753732752},"id":"registered"}}
{"recorder_version":"21","session":"13795313fc69","build":"192.6603.28","bucket":"163","time":1569753732746,"group":{"id":"ui.settings","version":"21"},"event":{"count":1,"data":{"created":1569753732752},"id":"registered"}}
{"recorder_version":"21","session":"13795313fc69","build":"192.6603.28","bucket":"163","time":1569753732746,"group":{"id":"lifecycle","version":"21"},"event":{"count":1,"data":{"created":1569753732752},"id":"registered"}}
{"recorder_version":"21","session":"13795313fc69","build":"192.6603.28","bucket":"163","time":1569753732746,"group":{"id":"vcs.diff.trigger","version":"1"},"event":{"count":1,"data":{"created":1569753732752},"id":"registered"}}
{"recorder_version":"21","session":"13795313fc69","build":"192.6603.28","bucket":"163","time":1569753732746,"group":{"id":"vcs.log.trigger","version":"2"},"event":{"count":1,"data":{"created":1569753732752},"id":"registered"}}
{"recorder_version":"21","session":"13795313fc69","build":"192.6603.28","bucket":"163","time":1569753732746,"group":{"id":"productivity","version":"21"},"event":{"count":1,"data":{"created":1569753732753},"id":"registered"}}
{"recorder_version":"21","session":"13795313fc69","build":"192.6603.28","bucket":"163","time":1569753732746,"group":{"id":"debugger.breakpoints.usage","version":"2"},"event":{"count":1,"data":{"created":1569753732753},"id":"registered"}}
{"recorder_version":"21","session":"13795313fc69","build":"192.6603.28","bucket":"163","time":1569753732746,"group":{"id":"kotlin.gradle.library","version":"1"},"event":{"count":1,"data":{"created":1569753732753},"id":"registered"}}
{"recorder_version":"21","session":"13795313fc69","build":"192.6603.28","bucket":"163","time":1569753732746,"group":{"id":"find","version":"1"},"event":{"count":1,"data":{"created":1569753732753},"id":"registered"}}
{"recorder_version":"21","session":"13795313fc69","build":"192.6603.28","bucket":"163","time":1569753732746,"group":{"id":"kotlin.gradle.target","version":"1"},"event":{"count":1,"data":{"created":1569753732753},"id":"registered"}}
{"recorder_version":"21","session":"13795313fc69","build":"192.6603.28","bucket":"163","time":1569753732746,"group":{"id":"gutter.icon.click","version":"1"},"event":{"count":1,"data":{"created":1569753732754},"id":"registered"}}
{"recorder_version":"21","session":"13795313fc69","build":"192.6603.28","bucket":"163","time":1569753732746,"group":{"id":"shell.script","version":"1"},"event":{"count":1,"data":{"created":1569753732754},"id":"registered"}}
{"recorder_version":"21","session":"13795313fc69","build":"192.6603.28","bucket":"163","time":1569753732746,"group":{"id":"kotlin.ide.debugger.eval","version":"1"},"event":{"count":1,"data":{"created":1569753732754},"id":"registered"}}
{"recorder_version":"21","session":"13795313fc69","build":"192.6603.28","bucket":"163","time":1569753732746,"group":{"id":"build.maven.actions","version":"1"},"event":{"count":1,"data":{"created":1569753732756},"id":"registered"}}
{"recorder_version":"21","session":"13795313fc69","build":"192.6603.28","bucket":"163","time":1569753732746,"group":{"id":"ui.event","version":"1"},"event":{"count":1,"data":{"created":1569753732756},"id":"registered"}}
{"recorder_version":"21","session":"13795313fc69","build":"192.6603.28","bucket":"163","time":1569753732746,"group":{"id":"new.project.wizard","version":"1"},"event":{"count":1,"data":{"created":1569753732757},"id":"registered"}}
{"recorder_version":"21","session":"13795313fc69","build":"192.6603.28","bucket":"163","time":1569753732746,"group":{"id":"kotlin.ide.npwizards","version":"1"},"event":{"count":1,"data":{"created":1569753732759},"id":"registered"}}
{"recorder_version":"21","session":"13795313fc69","build":"192.6603.28","bucket":"163","time":1569753732746,"group":{"id":"intentions","version":"21"},"event":{"count":1,"data":{"created":1569753732759},"id":"registered"}}
{"recorder_version":"21","session":"13795313fc69","build":"192.6603.28","bucket":"163","time":1569753732746,"group":{"id":"ui.dialogs","version":"21"},"event":{"count":1,"data":{"created":1569753732759},"id":"registered"}}
{"recorder_version":"21","session":"13795313fc69","build":"192.6603.28","bucket":"163","time":1569753732746,"group":{"id":"vcs.back.forward.trigger","version":"1"},"event":{"count":1,"data":{"created":1569753732760},"id":"registered"}}
{"recorder_version":"21","session":"13795313fc69","build":"192.6603.28","bucket":"163","time":1569753732746,"group":{"id":"vcs.change.reminder","version":"1"},"event":{"count":1,"data":{"created":1569753732760},"id":"registered"}}
{"recorder_version":"21","session":"13795313fc69","build":"192.6603.28","bucket":"163","time":1569753732746,"group":{"id":"toolbar","version":"21"},"event":{"count":1,"data":{"created":1569753732760},"id":"registered"}}
{"recorder_version":"21","session":"13795313fc69","build":"192.6603.28","bucket":"163","time":1569753732746,"group":{"id":"build.gradle.actions","version":"1"},"event":{"count":1,"data":{"created":1569753732761},"id":"registered"}}
{"recorder_version":"21","session":"13795313fc69","build":"192.6603.28","bucket":"163","time":1569753732746,"group":{"id":"kotlin.maven.target","version":"1"},"event":{"count":1,"data":{"created":1569753732761},"id":"registered"}}
{"recorder_version":"21","session":"13795313fc69","build":"192.6603.28","bucket":"163","time":1569753732746,"group":{"id":"performance","version":"21"},"event":{"count":1,"data":{"created":1569753732761},"id":"registered"}}
{"recorder_version":"21","session":"13795313fc69","build":"192.6603.28","bucket":"163","time":1569753732746,"group":{"id":"searchEverywhere","version":"1"},"event":{"count":1,"data":{"created":1569753732761},"id":"registered"}}
{"recorder_version":"21","session":"13795313fc69","build":"192.6603.28","bucket":"163","time":1569753732746,"group":{"id":"kotlin.ide.action.refactoring","version":"1"},"event":{"count":1,"data":{"created":1569753732762},"id":"registered"}}
{"recorder_version":"21","session":"13795313fc69","build":"192.6603.28","bucket":"163","time":1569753732746,"group":{"id":"ui.tips","version":"2"},"event":{"count":1,"data":{"created":1569753732763},"id":"registered"}}
{"recorder_version":"21","session":"13795313fc69","build":"192.6603.28","bucket":"163","time":1569753732746,"group":{"id":"surround.with","version":"1"},"event":{"count":1,"data":{"created":1569753732763},"id":"registered"}}
{"recorder_version":"21","session":"13795313fc69","build":"192.6603.28","bucket":"163","time":1569753732746,"group":{"id":"import.old.config","version":"1"},"event":{"count":1,"data":{"created":1569753732764},"id":"registered"}}
{"recorder_version":"21","session":"13795313fc69","build":"192.6603.28","bucket":"163","time":1569753732746,"group":{"id":"json.schema","version":"1"},"event":{"count":1,"data":{"created":1569753732767},"id":"registered"}}
{"recorder_version":"21","session":"13795313fc69","build":"192.6603.28","bucket":"163","time":1569753732746,"group":{"id":"kotlin.jps.target","version":"1"},"event":{"count":1,"data":{"created":1569753732767},"id":"registered"}}
{"recorder_version":"21","session":"13795313fc69","build":"192.6603.28","bucket":"163","time":1569753732746,"group":{"id":"terminalShell","version":"1"},"event":{"count":1,"data":{"created":1569753732768},"id":"registered"}}
{"recorder_version":"21","session":"13795313fc69","build":"192.6603.28","bucket":"163","time":1569753732746,"group":{"id":"completion.postfix","version":"21"},"event":{"count":1,"data":{"created":1569753732768},"id":"registered"}}
{"recorder_version":"21","session":"13795313fc69","build":"192.6603.28","bucket":"163","time":1569753732746,"group":{"id":"build.ant.actions","version":"1"},"event":{"count":1,"data":{"created":1569753732770},"id":"registered"}}
{"recorder_version":"21","session":"13795313fc69","build":"192.6603.28","bucket":"163","time":1569753732746,"group":{"id":"actions","version":"21"},"event":{"count":1,"data":{"created":1569753732770},"id":"registered"}}
{"recorder_version":"21","session":"13795313fc69","build":"192.6603.28","bucket":"163","time":1569753732746,"group":{"id":"event.log","version":"21"},"event":{"count":1,"data":{"created":1569753732770},"id":"registered"}}
{"recorder_version":"21","session":"13795313fc69","build":"192.6603.28","bucket":"163","time":1569753732746,"group":{"id":"run.configuration.exec","version":"21"},"event":{"count":1,"data":{"created":1569753732771},"id":"registered"}}
{"recorder_version":"21","session":"13795313fc69","build":"192.6603.28","bucket":"163","time":1569753732746,"group":{"id":"build.maven.packagesearch","version":"2"},"event":{"count":1,"data":{"created":1569753732771},"id":"registered"}}
{"recorder_version":"21","session":"13795313fc69","build":"192.6603.28","bucket":"163","time":1569753733846,"group":{"id":"performance","version":"21"},"event":{"count":1,"data":{"duration_ms":0,"created":1569753733847},"id":"ui.latency"}}
{"recorder_version":"21","session":"13795313fc69","build":"192.6603.28","bucket":"163","time":1569753751991,"group":{"id":"lifecycle","version":"21"},"event":{"count":1,"data":{"plugin":"Git4Idea","created":1569753751991,"plugin_type":"JB_BUNDLED","error":"java.lang.reflect.InvocationTargetException"},"id":"ide.error"}}
{"recorder_version":"21","session":"13795313fc69","build":"192.6603.28","bucket":"163","time":1569753834183,"group":{"id":"performance","version":"21"},"event":{"count":1,"data":{"duration_ms":0,"created":1569753834185},"id":"ui.latency"}}
{"recorder_version":"21","session":"13795313fc69","build":"192.6603.28","bucket":"163","time":1569753934508,"group":{"id":"performance","version":"21"},"event":{"count":1,"data":{"duration_ms":1,"created":1569753934508},"id":"ui.latency"}}
{"recorder_version":"21","session":"13795313fc69","build":"192.6603.28","bucket":"163","time":1569754034849,"group":{"id":"performance","version":"21"},"event":{"count":1,"data":{"duration_ms":0,"created":1569754034850},"id":"ui.latency"}}
{"recorder_version":"21","session":"13795313fc69","build":"192.6603.28","bucket":"163","time":1569754135143,"group":{"id":"performance","version":"21"},"event":{"count":1,"data":{"duration_ms":1,"created":1569754135143},"id":"ui.latency"}}
{"recorder_version":"21","session":"13795313fc69","build":"192.6603.28","bucket":"163","time":1569754235485,"group":{"id":"performance","version":"21"},"event":{"count":1,"data":{"duration_ms":0,"created":1569754235485},"id":"ui.latency"}}
{"recorder_version":"21","session":"13795313fc69","build":"192.6603.28","bucket":"163","time":1569754332761,"group":{"id":"ui.editor.color.schemes","version":"2"},"event":{"state":true,"data":{"os":"Mac","created":1569754332761,"value":false},"id":"Default"}}
{"recorder_version":"21","session":"13795313fc69","build":"192.6603.28","bucket":"163","time":1569754332761,"group":{"id":"ui.editor.color.schemes","version":"2"},"event":{"state":true,"data":{"created":1569754332762},"id":"invoked"}}
{"recorder_version":"21","session":"13795313fc69","build":"192.6603.28","bucket":"163","time":1569754332768,"group":{"id":"platform.registry.application","version":"1"},"event":{"state":true,"data":{"created":1569754332770,"plugin_type":"PLATFORM"},"id":"recent.and.edited.files.together"}}
{"recorder_version":"21","session":"13795313fc69","build":"192.6603.28","bucket":"163","time":1569754332768,"group":{"id":"platform.registry.application","version":"1"},"event":{"state":true,"data":{"created":1569754332771,"plugin_type":"PLATFORM"},"id":"inline.browse.button"}}
{"recorder_version":"21","session":"13795313fc69","build":"192.6603.28","bucket":"163","time":1569754332768,"group":{"id":"platform.registry.application","version":"1"},"event":{"state":true,"data":{"created":1569754332771,"plugin_type":"PLATFORM"},"id":"show.create.new.element.in.popup"}}
{"recorder_version":"21","session":"13795313fc69","build":"192.6603.28","bucket":"163","time":1569754332768,"group":{"id":"platform.registry.application","version":"1"},"event":{"state":true,"data":{"created":1569754332771,"plugin_type":"PLATFORM"},"id":"property.value.inplace.editing"}}
{"recorder_version":"21","session":"13795313fc69","build":"192.6603.28","bucket":"163","time":1569754332768,"group":{"id":"platform.registry.application","version":"1"},"event":{"state":true,"data":{"created":1569754332771},"id":"java.completion.argument.hints.internal"}}
{"recorder_version":"21","session":"13795313fc69","build":"192.6603.28","bucket":"163","time":1569754332768,"group":{"id":"platform.registry.application","version":"1"},"event":{"state":true,"data":{"created":1569754332772,"plugin_type":"PLATFORM"},"id":"linux.native.menu"}}
{"recorder_version":"21","session":"13795313fc69","build":"192.6603.28","bucket":"163","time":1569754332768,"group":{"id":"platform.registry.application","version":"1"},"event":{"state":true,"data":{"created":1569754332772,"plugin_type":"PLATFORM"},"id":"new.large.text.file.viewer"}}
{"recorder_version":"21","session":"13795313fc69","build":"192.6603.28","bucket":"163","time":1569754332768,"group":{"id":"platform.registry.application","version":"1"},"event":{"state":true,"data":{"created":1569754332772},"id":"invoked"}}
{"recorder_version":"21","session":"13795313fc69","build":"192.6603.28","bucket":"163","time":1569754332769,"group":{"id":"keymaps.name","version":"1"},"event":{"state":true,"data":{"os":"Mac","created":1569754332772},"id":"Mac_OS_X_10.5+"}}
{"recorder_version":"21","session":"13795313fc69","build":"192.6603.28","bucket":"163","time":1569754332769,"group":{"id":"keymaps.name","version":"1"},"event":{"state":true,"data":{"created":1569754332772},"id":"invoked"}}
{"recorder_version":"21","session":"13795313fc69","build":"192.6603.28","bucket":"163","time":1569754332771,"group":{"id":"vcs.application.configuration","version":"1"},"event":{"state":true,"data":{"created":1569754332773},"id":"invoked"}}
{"recorder_version":"21","session":"13795313fc69","build":"192.6603.28","bucket":"163","time":1569754332771,"group":{"id":"os.linux.wm","version":"1"},"event":{"state":true,"data":{"created":1569754332774},"id":"invoked"}}
{"recorder_version":"21","session":"13795313fc69","build":"192.6603.28","bucket":"163","time":1569754332775,"group":{"id":"system.runtime","version":"2"},"event":{"state":true,"data":{"created":1569754332775,"name":"G1_Old_Generation"},"id":"garbage.collector"}}
{"recorder_version":"21","session":"13795313fc69","build":"192.6603.28","bucket":"163","time":1569754332775,"group":{"id":"system.runtime","version":"2"},"event":{"state":true,"data":{"created":1569754332775,"name":"Xmx","value":512},"id":"jvm.option"}}
{"recorder_version":"21","session":"13795313fc69","build":"192.6603.28","bucket":"163","time":1569754332775,"group":{"id":"system.runtime","version":"2"},"event":{"state":true,"data":{"vendor":"JetBrains","created":1569754332776,"bit":"64","version":"1.11"},"id":"jvm"}}
{"recorder_version":"21","session":"13795313fc69","build":"192.6603.28","bucket":"163","time":1569754332775,"group":{"id":"system.runtime","version":"2"},"event":{"state":true,"data":{"created":1569754332776,"name":"G1_Young_Generation"},"id":"garbage.collector"}}
{"recorder_version":"21","session":"13795313fc69","build":"192.6603.28","bucket":"163","time":1569754332775,"group":{"id":"system.runtime","version":"2"},"event":{"state":true,"data":{"created":1569754332776,"value":4},"id":"cores"}}
{"recorder_version":"21","session":"13795313fc69","build":"192.6603.28","bucket":"163","time":1569754332775,"group":{"id":"system.runtime","version":"2"},"event":{"state":true,"data":{"created":1569754332776,"name":"Xms","value":256},"id":"jvm.option"}}
{"recorder_version":"21","session":"13795313fc69","build":"192.6603.28","bucket":"163","time":1569754332775,"group":{"id":"system.runtime","version":"2"},"event":{"state":true,"data":{"created":1569754332777},"id":"invoked"}}
{"recorder_version":"21","session":"13795313fc69","build":"192.6603.28","bucket":"163","time":1569754332797,"group":{"id":"editor.settings.ide","version":"2"},"event":{"state":true,"data":{"created":1569754332797,"enabled":true},"id":"completionHints"}}
{"recorder_version":"21","session":"13795313fc69","build":"192.6603.28","bucket":"163","time":1569754332797,"group":{"id":"editor.settings.ide","version":"2"},"event":{"state":true,"data":{"created":1569754332798},"id":"invoked"}}
{"recorder_version":"21","session":"13795313fc69","build":"192.6603.28","bucket":"163","time":1569754332797,"group":{"id":"ui.accessibility.screen.reader","version":"1"},"event":{"state":true,"data":{"os":"Mac","created":1569754332798},"id":"screen.reader.DISABLED"}}
{"recorder_version":"21","session":"13795313fc69","build":"192.6603.28","bucket":"163","time":1569754332797,"group":{"id":"ui.accessibility.screen.reader","version":"1"},"event":{"state":true,"data":{"created":1569754332799},"id":"invoked"}}
{"recorder_version":"21","session":"13795313fc69","build":"192.6603.28","bucket":"163","time":1569754332814,"group":{"id":"vcs.diff","version":"2"},"event":{"state":true,"data":{"created":1569754332815},"id":"invoked"}}
{"recorder_version":"21","session":"13795313fc69","build":"192.6603.28","bucket":"163","time":1569754332816,"group":{"id":"plugins","version":"1"},"event":{"state":true,"data":{"created":1569754332816,"plugin_type":"NOT_LISTED"},"id":"enabled.not.bundled.plugin"}}
{"recorder_version":"21","session":"13795313fc69","build":"192.6603.28","bucket":"163","time":1569754332816,"group":{"id":"plugins","version":"1"},"event":{"state":true,"data":{"created":1569754332816},"id":"invoked"}}
{"recorder_version":"21","session":"13795313fc69","build":"192.6603.28","bucket":"163","time":1569754332817,"group":{"id":"ui.fonts","version":"1"},"event":{"state":true,"data":{"os":"Mac","created":1569754332817,"value":1.2},"id":"editor.lineSpacing"}}
{"recorder_version":"21","session":"13795313fc69","build":"192.6603.28","bucket":"163","time":1569754332817,"group":{"id":"ui.fonts","version":"1"},"event":{"state":true,"data":{"os":"Mac","created":1569754332818},"id":"IDE.editor.font.size[12]"}}
{"recorder_version":"21","session":"13795313fc69","build":"192.6603.28","bucket":"163","time":1569754332817,"group":{"id":"ui.fonts","version":"1"},"event":{"state":true,"data":{"os":"Mac","created":1569754332819},"id":"UI.font.size[13]"}}
{"recorder_version":"21","session":"13795313fc69","build":"192.6603.28","bucket":"163","time":1569754332817,"group":{"id":"ui.fonts","version":"1"},"event":{"state":true,"data":{"os":"Mac","created":1569754332820},"id":"IDE.editor.font.name[Menlo]"}}
{"recorder_version":"21","session":"13795313fc69","build":"192.6603.28","bucket":"163","time":1569754332817,"group":{"id":"ui.fonts","version":"1"},"event":{"state":true,"data":{"os":"Mac","created":1569754332820},"id":"UI.font.name[.SF_NS_Text]"}}
{"recorder_version":"21","session":"13795313fc69","build":"192.6603.28","bucket":"163","time":1569754332817,"group":{"id":"ui.fonts","version":"1"},"event":{"state":true,"data":{"os":"Mac","created":1569754332820},"id":"Presentation.mode.font.size[24]"}}
{"recorder_version":"21","session":"13795313fc69","build":"192.6603.28","bucket":"163","time":1569754332817,"group":{"id":"ui.fonts","version":"1"},"event":{"state":true,"data":{"created":1569754332820},"id":"invoked"}}
{"recorder_version":"21","session":"13795313fc69","build":"192.6603.28","bucket":"163","time":1569754332817,"group":{"id":"vcs.log.index.application","version":"2"},"event":{"state":true,"data":{"created":1569754332821},"id":"invoked"}}
{"recorder_version":"21","session":"13795313fc69","build":"192.6603.28","bucket":"163","time":1569754332851,"group":{"id":"vcs.github","version":"1"},"event":{"state":true,"data":{"created":1569754332851},"id":"github.accounts.not.default.host.disabled"}}
{"recorder_version":"21","session":"13795313fc69","build":"192.6603.28","bucket":"163","time":1569754332851,"group":{"id":"vcs.github","version":"1"},"event":{"state":true,"data":{"created":1569754332852},"id":"github.accounts.count.0"}}
{"recorder_version":"21","session":"13795313fc69","build":"192.6603.28","bucket":"163","time":1569754332851,"group":{"id":"vcs.github","version":"1"},"event":{"state":true,"data":{"created":1569754332852},"id":"invoked"}}
{"recorder_version":"21","session":"13795313fc69","build":"192.6603.28","bucket":"163","time":1569754332851,"group":{"id":"ui.look.and.feel","version":"1"},"event":{"state":true,"data":{"os":"Mac","created":1569754332852},"id":"Light"}}
{"recorder_version":"21","session":"13795313fc69","build":"192.6603.28","bucket":"163","time":1569754332851,"group":{"id":"ui.look.and.feel","version":"1"},"event":{"state":true,"data":{"created":1569754332852},"id":"invoked"}}
{"recorder_version":"21","session":"13795313fc69","build":"192.6603.28","bucket":"163","time":1569754332857,"group":{"id":"debugger.settings.ide","version":"2"},"event":{"state":true,"data":{"created":1569754332857},"id":"invoked"}}
{"recorder_version":"21","session":"13795313fc69","build":"192.6603.28","bucket":"163","time":1569754332857,"group":{"id":"ui.hidpi.mode","version":"1"},"event":{"state":true,"data":{"os":"Mac","created":1569754332858},"id":"per_monitor_dpi"}}
{"recorder_version":"21","session":"13795313fc69","build":"192.6603.28","bucket":"163","time":1569754332857,"group":{"id":"ui.hidpi.mode","version":"1"},"event":{"state":true,"data":{"created":1569754332858},"id":"invoked"}}
{"recorder_version":"21","session":"13795313fc69","build":"192.6603.28","bucket":"163","time":1569754332858,"group":{"id":"user.advanced.info","version":"2"},"event":{"state":true,"data":{"created":1569754332858,"value":"release"},"id":"build"}}
{"recorder_version":"21","session":"13795313fc69","build":"192.6603.28","bucket":"163","time":1569754332858,"group":{"id":"user.advanced.info","version":"2"},"event":{"state":true,"data":{"created":1569754332858},"id":"release"}}
{"recorder_version":"21","session":"13795313fc69","build":"192.6603.28","bucket":"163","time":1569754332858,"group":{"id":"user.advanced.info","version":"2"},"event":{"state":true,"data":{"created":1569754332859},"id":"invoked"}}
{"recorder_version":"21","session":"13795313fc69","build":"192.6603.28","bucket":"163","time":1569754332861,"group":{"id":"ui.screen.scale","version":"1"},"event":{"state":true,"data":{"os":"Mac","created":1569754332863},"id":"ScaledMode_2.0"}}
{"recorder_version":"21","session":"13795313fc69","build":"192.6603.28","bucket":"163","time":1569754332861,"group":{"id":"ui.screen.scale","version":"1"},"event":{"state":true,"data":{"created":1569754332863},"id":"invoked"}}
{"recorder_version":"21","session":"13795313fc69","build":"192.6603.28","bucket":"163","time":1569754332866,"group":{"id":"ui.info.features","version":"2"},"event":{"state":true,"data":{"os":"Mac","created":1569754332866},"id":"Allow.merging.buttons.enabled"}}
{"recorder_version":"21","session":"13795313fc69","build":"192.6603.28","bucket":"163","time":1569754332866,"group":{"id":"ui.info.features","version":"2"},"event":{"state":true,"data":{"os":"Mac","created":1569754332866},"id":"QuickDoc.AutoUpdate"}}
{"recorder_version":"21","session":"13795313fc69","build":"192.6603.28","bucket":"163","time":1569754332866,"group":{"id":"ui.info.features","version":"2"},"event":{"state":true,"data":{"os":"Mac","created":1569754332867},"id":"validation.unmatched_rule"}}
{"recorder_version":"21","session":"13795313fc69","build":"192.6603.28","bucket":"163","time":1569754332866,"group":{"id":"ui.info.features","version":"2"},"event":{"state":true,"data":{"grouped":"[30_50]","os":"Mac","created":1569754332867},"id":"recent.files"}}
{"recorder_version":"21","session":"13795313fc69","build":"192.6603.28","bucket":"163","time":1569754332866,"group":{"id":"ui.info.features","version":"2"},"event":{"state":true,"data":{"os":"Mac","created":1569754332867},"id":"Line.Numbers"}}
{"recorder_version":"21","session":"13795313fc69","build":"192.6603.28","bucket":"163","time":1569754332866,"group":{"id":"ui.info.features","version":"2"},"event":{"state":true,"data":{"os":"Mac","created":1569754332867},"id":"Tabs.Top"}}
{"recorder_version":"21","session":"13795313fc69","build":"192.6603.28","bucket":"163","time":1569754332866,"group":{"id":"ui.info.features","version":"2"},"event":{"state":true,"data":{"os":"Mac","created":1569754332868},"id":"Retina"}}
{"recorder_version":"21","session":"13795313fc69","build":"192.6603.28","bucket":"163","time":1569754332866,"group":{"id":"ui.info.features","version":"2"},"event":{"state":true,"data":{"os":"Mac","created":1569754332868},"id":"Nav.Bar.visible"}}
{"recorder_version":"21","session":"13795313fc69","build":"192.6603.28","bucket":"163","time":1569754332866,"group":{"id":"ui.info.features","version":"2"},"event":{"state":true,"data":{"os":"Mac","created":1569754332868},"id":"validation.unmatched_rule"}}
{"recorder_version":"21","session":"13795313fc69","build":"192.6603.28","bucket":"163","time":1569754332866,"group":{"id":"ui.info.features","version":"2"},"event":{"state":true,"data":{"os":"Mac","created":1569754332868},"id":"Recent.Files[30_50]"}}
{"recorder_version":"21","session":"13795313fc69","build":"192.6603.28","bucket":"163","time":1569754332866,"group":{"id":"ui.info.features","version":"2"},"event":{"state":true,"data":{"os":"Mac","created":1569754332868},"id":"Status.bar.visible"}}
{"recorder_version":"21","session":"13795313fc69","build":"192.6603.28","bucket":"163","time":1569754332866,"group":{"id":"ui.info.features","version":"2"},"event":{"state":true,"data":{"os":"Mac","created":1569754332869},"id":"Tool.Window.buttons.hidden"}}
{"recorder_version":"21","session":"13795313fc69","build":"192.6603.28","bucket":"163","time":1569754332866,"group":{"id":"ui.info.features","version":"2"},"event":{"state":true,"data":{"os":"Mac","created":1569754332869},"id":"Gutter.Icons"}}
{"recorder_version":"21","session":"13795313fc69","build":"192.6603.28","bucket":"163","time":1569754332866,"group":{"id":"ui.info.features","version":"2"},"event":{"state":true,"data":{"os":"Mac","created":1569754332869},"id":"Show.tips.on.startup"}}
{"recorder_version":"21","session":"13795313fc69","build":"192.6603.28","bucket":"163","time":1569754332866,"group":{"id":"ui.info.features","version":"2"},"event":{"state":true,"data":{"os":"Mac","created":1569754332870},"id":"Toolbar.hidden"}}
{"recorder_version":"21","session":"13795313fc69","build":"192.6603.28","bucket":"163","time":1569754332866,"group":{"id":"ui.info.features","version":"2"},"event":{"state":true,"data":{"os":"Mac","created":1569754332870},"id":"Toolbar.and.NavBar"}}
{"recorder_version":"21","session":"13795313fc69","build":"192.6603.28","bucket":"163","time":1569754332866,"group":{"id":"ui.info.features","version":"2"},"event":{"state":true,"data":{"created":1569754332870},"id":"invoked"}}
{"recorder_version":"21","session":"13795313fc69","build":"192.6603.28","bucket":"163","time":1569754335807,"group":{"id":"performance","version":"21"},"event":{"count":1,"data":{"duration_ms":0,"created":1569754335807},"id":"ui.latency"}}
{"recorder_version":"21","session":"13795313fc69","build":"192.6603.28","bucket":"163","time":1569754397430,"group":{"id":"lifecycle","version":"21"},"event":{"count":1,"data":{"created":1569754397432,"project":"400c8e693833343f8d7e77acd21b278fb600d9c5bec886b777f5c9298302bd62"},"id":"frame.activated"}}
{"recorder_version":"21","session":"13795313fc69","build":"192.6603.28","bucket":"163","time":1569754398932,"group":{"id":"lifecycle","version":"21"},"event":{"count":1,"data":{"created":1569754398934,"project":"400c8e693833343f8d7e77acd21b278fb600d9c5bec886b777f5c9298302bd62"},"id":"frame.deactivated"}}
{"recorder_version":"21","session":"13795313fc69","build":"192.6603.28","bucket":"163","time":1569754400909,"group":{"id":"lifecycle","version":"21"},"event":{"count":1,"data":{"created":1569754400910,"project":"400c8e693833343f8d7e77acd21b278fb600d9c5bec886b777f5c9298302bd62"},"id":"frame.activated"}}
